# vsim -c tb_top hw_top -wlf vsim.wlf -sv_seed random -solvefaildebug -assertdebug -sva -coverage -voptargs="+acc" -l ./log/vsim.log "+UVM_VERBOSITY=UVM_HIGH" "+UVM_TESTNAME=test_received_N_frame" -sv_lib uvm_dpi -do "coverage save -onexit -assert -code bcefs -directive -cvg coverage.ucdb; log -r /*; run -all; quit" 
# Start time: 19:49:53 on Jan 26,2026
# ** Note: (vsim-3812) Design is being optimized...
# ** Note: (vopt-143) Recognized 1 FSM in module "uart_tx(fast)".
# ** Note: (vopt-143) Recognized 1 FSM in module "uart_rx(fast)".
# //  Questa Sim-64
# //  Version 10.7c linux_x86_64 Aug 17 2018
# //
# //  Copyright 1991-2018 Mentor Graphics Corporation
# //  All Rights Reserved.
# //
# //  QuestaSim and its associated documentation contain trade
# //  secrets and commercial or financial information that are the property of
# //  Mentor Graphics Corporation and are privileged, confidential,
# //  and exempt from disclosure under the Freedom of Information Act,
# //  5 U.S.C. Section 552. Furthermore, this information
# //  is prohibited from disclosure under the Trade Secrets Act,
# //  18 U.S.C. Section 1905.
# //
# Loading sv_std.std
# Loading work.apb_if(fast)
# Loading work.uart_if(fast)
# Loading mtiUvm.uvm_pkg
# Loading work.uart_common_pkg(fast)
# Loading work.uart_pkg(fast)
# Loading work.apb_pkg(fast)
# Loading work.uart_tb_pkg(fast)
# Loading work.tb_top(fast)
# Loading work.hw_top(fast)
# Loading work.apb_if_sv_unit(fast)
# Loading work.apb_if(fast)
# Loading work.uart_if_sv_unit(fast)
# Loading work.uart_if(fast)
# Loading work.uart_DUT_4(fast)
# Loading work.apb_slave(fast)
# Loading work.register_block(fast)
# Loading work.uart_tx(fast)
# Loading work.bclk_gen(fast)
# Loading work.uart_rx(fast)
# Loading mtiUvm.questa_uvm_pkg(fast)
# Loading ./uvm_dpi.so
# Sv_Seed = 3324902782
# coverage save -onexit -assert -code bcefs -directive -cvg coverage.ucdb
#  log -r /*
#  run -all
# ----------------------------------------------------------------
# UVM-1.1d
# (C) 2007-2013 Mentor Graphics Corporation
# (C) 2007-2013 Cadence Design Systems, Inc.
# (C) 2006-2013 Synopsys, Inc.
# (C) 2011-2013 Cypress Semiconductor Corp.
# ----------------------------------------------------------------
# 
#   ***********       IMPORTANT RELEASE NOTES         ************
# 
#   You are using a version of the UVM library that has been compiled
#   with `UVM_NO_DEPRECATED undefined.
#   See http://www.eda.org/svdb/view.php?id=3313 for more details.
# 
#   You are using a version of the UVM library that has been compiled
#   with `UVM_OBJECT_MUST_HAVE_CONSTRUCTOR undefined.
#   See http://www.eda.org/svdb/view.php?id=3770 for more details.
# 
#       (Specify +UVM_NO_RELNOTES to turn off this notice)
# 
# UVM_INFO verilog_src/questa_uvm_pkg-1.2/src/questa_uvm_pkg.sv(215) @ 0: reporter [Questa UVM] QUESTA_UVM-1.2.3
# UVM_INFO verilog_src/questa_uvm_pkg-1.2/src/questa_uvm_pkg.sv(216) @ 0: reporter [Questa UVM]  questa_uvm::init(+struct)
# UVM_INFO @ 0: reporter [RNTST] Running test test_received_N_frame...
# UVM_INFO ../tb/apb_uart_testlib.sv(164) @ 0: uvm_test_top [TEST] 
####======================== RECEIVE N FRAME configured (RX Monitoring only) ========================#####
# UVM_INFO ../tb/apb_uart_env.sv(17) @ 0: uvm_test_top.env [APB_UART_ENVIRONMENT] The env is being build phase
# UVM_INFO ../tb/apb_uart_testlib.sv(32) @ 0: uvm_test_top [test_received_N_frame] Printing topology:
# UVM_INFO @ 0: reporter [UVMTOP] UVM testbench topology:
# ------------------------------------------------------------------------
# Name                           Type                     Size  Value     
# ------------------------------------------------------------------------
# uvm_test_top                   test_received_N_frame    -     @476      
#   env                          apb_uart_env             -     @494      
#     apb_uvcc                   apb_uvc                  -     @502      
#       agent                    apb_agent                -     @652      
#         driver                 apb_driver               -     @787      
#           rsp_port             uvm_analysis_port        -     @802      
#           seq_item_port        uvm_seq_item_pull_port   -     @794      
#           num_trans            integral                 32    'h0       
#         monitor                apb_monitor              -     @663      
#           item_collected_port  uvm_analysis_port        -     @670      
#           num_trans_col        integral                 32    'h0       
#         sequencer              apb_sequencer            -     @678      
#           rsp_export           uvm_analysis_export      -     @685      
#           seq_item_export      uvm_seq_item_pull_imp    -     @779      
#           arbitration_queue    array                    0     -         
#           lock_queue           array                    0     -         
#           num_last_reqs        integral                 32    'd1       
#           num_last_rsps        integral                 32    'd1       
#         is_active              uvm_active_passive_enum  1     UVM_ACTIVE
#     scoreboard                 apb_uart_scoreboard      -     @516      
#       apb_port                 uvm_analysis_imp_apb     -     @523      
#       uart_port                uvm_analysis_imp_uart    -     @531      
#     uart_uvcc                  uart_uvc                 -     @509      
#       agent                    uart_agent               -     @825      
#         driver                 uart_driver              -     @958      
#           rsp_port             uvm_analysis_port        -     @973      
#           seq_item_port        uvm_seq_item_pull_port   -     @965      
#         monitor                uart_monitor             -     @834      
#           item_collected_port  uvm_analysis_port        -     @841      
#         sequencer              uart_sequencer           -     @849      
#           rsp_export           uvm_analysis_export      -     @856      
#           seq_item_export      uvm_seq_item_pull_imp    -     @950      
#           arbitration_queue    array                    0     -         
#           lock_queue           array                    0     -         
#           num_last_reqs        integral                 32    'd1       
#           num_last_rsps        integral                 32    'd1       
#     vir_seqr                   uart_virsequencer        -     @539      
#       rsp_export               uvm_analysis_export      -     @546      
#       seq_item_export          uvm_seq_item_pull_imp    -     @640      
#       arbitration_queue        array                    0     -         
#       lock_queue               array                    0     -         
#       num_last_reqs            integral                 32    'd1       
#       num_last_rsps            integral                 32    'd1       
# ------------------------------------------------------------------------
# 
# UVM_INFO verilog_src/questa_uvm_pkg-1.2/src/questa_uvm_pkg.sv(277) @ 0: reporter [Questa UVM] End Of Elaboration
# UVM_INFO ../apb_uvc/apb_driver.sv(22) @ 0: uvm_test_top.env.apb_uvcc.agent.driver [apb_driver] Start of simulation for uvm_test_top.env.apb_uvcc.agent.driver
# UVM_INFO ../apb_uvc/apb_monitor.sv(28) @ 0: uvm_test_top.env.apb_uvcc.agent.monitor [apb_monitor] Start of simulation for uvm_test_top.env.apb_uvcc.agent.monitor
# UVM_INFO ../apb_uvc/apb_sequencer.sv(10) @ 0: uvm_test_top.env.apb_uvcc.agent.sequencer [apb_sequencer] start of simulation for uvm_test_top.env.apb_uvcc.agent.sequencer
# UVM_INFO ../apb_uvc/apb_agent.sv(33) @ 0: uvm_test_top.env.apb_uvcc.agent [apb_agent] Start of simulation for uvm_test_top.env.apb_uvcc.agent
# UVM_INFO ../apb_uvc/apb_uvc.sv(19) @ 0: uvm_test_top.env.apb_uvcc [apb_uvc] Start of simulation for uvm_test_top.env.apb_uvcc
# UVM_INFO ../uart_uvc/uart_sequencer.sv(10) @ 0: uvm_test_top.env.uart_uvcc.agent.sequencer [uart_sequencer] start of simulation for uvm_test_top.env.uart_uvcc.agent.sequencer
# UVM_INFO ../uart_uvc/uart_agent.sv(45) @ 0: uvm_test_top.env.uart_uvcc.agent [uart_agent] Start of simulation for uvm_test_top.env.uart_uvcc.agent
# UVM_INFO ../uart_uvc/uart_agent.sv(46) @ 0: uvm_test_top.env.uart_uvcc.agent [uart_agent] Agent started in UVM_ACTIVE mode.
# UVM_INFO ../tb/apb_uart_testlib.sv(37) @ 0: uvm_test_top [test_received_N_frame] start of simulation for uvm_test_top
# UVM_INFO ../tb/uart_virseqs.sv(21) @ 0: uvm_test_top.env.vir_seqr@@vseq_receive_N_RX [vseq_receive_N_RX] raise objection
# UVM_INFO ../tb/uart_virseqs.sv(288) @ 0: uvm_test_top.env.vir_seqr@@vseq_receive_N_RX [VSEQ_N] === STARTING TEST: SEND 18 FRAMES ===
# UVM_INFO ../tb/uart_virseqs.sv(292) @ 0: uvm_test_top.env.vir_seqr@@vseq_receive_N_RX [VSEQ_N] 
#####========================Executing FRAME 1/18...========================#####
# UVM_INFO ../tb/uart_virseqs.sv(222) @ 0: uvm_test_top.env.vir_seqr@@vseq_receive_N_RX.single_rx_vseq [VSEQ] === STARTING RX TEST (With Data Masking) ===
# UVM_INFO ../tb/uart_virseqs.sv(66) @ 0: uvm_test_top.env.vir_seqr@@config_vseq [VSEQ] Configuring System using shared object from Test...
# UVM_INFO ../apb_uvc/apb_seqs.sv(62) @ 0: uvm_test_top.env.apb_uvcc.agent.sequencer@@apb_seq [APB_WR_SEQ] Writing Config to DUT: 0x00000000 
#  (DATA_5BIT, PARITY_DIS, PARITY_ODD, STOP_1BIT)
# UVM_INFO ../uart_uvc/uart_driver.sv(33) @ 100000: uvm_test_top.env.uart_uvcc.agent.driver [uart_driver] Reset released. UART Driver started.
# UVM_INFO ../uart_uvc/uart_monitor.sv(36) @ 100000: uvm_test_top.env.uart_uvcc.agent.monitor [uart_monitor] Monitor started.
# UVM_INFO ../apb_uvc/apb_driver.sv(35) @ 100000: uvm_test_top.env.apb_uvcc.agent.driver [apb_driver] Reset released, APB Driver active
# UVM_INFO ../apb_uvc/apb_monitor.sv(52) @ 150000: uvm_test_top.env.apb_uvcc.agent.monitor [MON] Updating UART Configuration
# UVM_INFO ../apb_uvc/apb_driver.sv(52) @ 150000: uvm_test_top.env.apb_uvcc.agent.driver [apb_driver] APB Transaction:
# --------------------------------------------------------------------------------------------------------
# Name                           Type              Size  Value                                            
# --------------------------------------------------------------------------------------------------------
# req                            apb_transaction   -     @1029                                            
#   paddr                        integral          12    'h8                                              
#   pwdata                       integral          32    'h0                                              
#   pwrite                       integral          1     'h1                                              
#   pstrb                        integral          4     'h1                                              
#   prdata                       integral          32    'h0xxxxxxxx                                      
#   pslverr                      integral          1     'h0X                                             
#   addr_type                    addr_test_type_e  32    ADDR_VALID                                       
#   write_true_flase             write_quality_e   32    WRITE_ADDR_FALSE                                 
#   begin_time                   time              64    110000                                           
#   depth                        int               32    'd2                                              
#   parent sequence (name)       string            7     apb_seq                                          
#   parent sequence (full name)  string            49    uvm_test_top.env.apb_uvcc.agent.sequencer.apb_seq
#   sequencer                    string            41    uvm_test_top.env.apb_uvcc.agent.sequencer        
# --------------------------------------------------------------------------------------------------------
# 
# UVM_INFO ../tb/uart_virseqs.sv(74) @ 150000: uvm_test_top.env.vir_seqr@@config_vseq [VSEQ] Activating UART Driver for RX path
# UVM_INFO ../uart_uvc/uart_seqs.sv(55) @ 150000: uvm_test_top.env.uart_uvcc.agent.sequencer@@uart_seq [UART_CONFIG_FRAME_SEQ] Driving UART Transaction based on Shared Config
# UVM_INFO ../uart_uvc/uart_driver.sv(58) @ 150000: uvm_test_top.env.uart_uvcc.agent.driver [uart_driver] 
#####===Driving Trans: DATA=0x1e,DATA_5BIT, STOP_1BIT, PARITY_DIS, PARITY_ODD===#####
# UVM_INFO ../apb_uvc/apb_monitor.sv(52) @ 170000: uvm_test_top.env.apb_uvcc.agent.monitor [MON] Updating UART Configuration
# UVM_INFO ../tb/apb_uart_scoreboard.sv(98) @ 60910000: uvm_test_top.env.scoreboard [SB_UART] UART RX queued: 0x1e
# UVM_INFO ../uart_uvc/uart_monitor.sv(131) @ 60910000: uvm_test_top.env.uart_uvcc.agent.monitor [MON_RX] DATA is monitored from RX: 0x1e
# UVM_INFO ../tb/uart_virseqs.sv(39) @ 60917000: uvm_test_top.env.vir_seqr@@vseq_receive_N_RX.single_rx_vseq [VSEQ] 
#####===NUM DATA BIT = DATA_5BIT, NUM STOP BIT = STOP_1BIT, PARITY EN = PARITY_DIS, PARITY TYPE = PARITY_ODD===#####
# UVM_INFO ../apb_uvc/apb_driver.sv(52) @ 95690000: uvm_test_top.env.apb_uvcc.agent.driver [apb_driver] APB Transaction:
# ------------------------------------------------------------------------------------------------------------------------------
# Name                           Type              Size  Value                                                                  
# ------------------------------------------------------------------------------------------------------------------------------
# req                            apb_transaction   -     @1145                                                                  
#   paddr                        integral          12    'h4                                                                    
#   pwdata                       integral          32    'hf2ed1efa                                                             
#   pwrite                       integral          1     'h0                                                                    
#   pstrb                        integral          4     'h1                                                                    
#   prdata                       integral          32    'h0                                                                    
#   pslverr                      integral          1     'h0X                                                                   
#   addr_type                    addr_test_type_e  32    ADDR_RO                                                                
#   write_true_flase             write_quality_e   32    WRITE_ADDR_FALSE                                                       
#   begin_time                   time              64    95650000                                                               
#   depth                        int               32    'd4                                                                    
#   parent sequence (name)       string            12    apb_read_seq                                                           
#   parent sequence (full name)  string            71    uvm_test_top.env.vir_seqr.vseq_receive_N_RX.single_rx_vseq.apb_read_seq
#   sequencer                    string            41    uvm_test_top.env.apb_uvcc.agent.sequencer                              
# ------------------------------------------------------------------------------------------------------------------------------
# 
# UVM_INFO ../apb_uvc/apb_seqs.sv(121) @ 95690000: uvm_test_top.env.apb_uvcc.agent.sequencer@@vseq_receive_N_RX.single_rx_vseq.apb_read_seq [APB_RX_SEQ] Read RX with DATA: 00000000
# UVM_ERROR ../tb/uart_virseqs.sv(268) @ 95690000: uvm_test_top.env.vir_seqr@@vseq_receive_N_RX.single_rx_vseq [VSEQ_MISMATCH] FAILED! Mask: 00011111, Masked Sent: 00011110, Masked Read: 00000000
# UVM_INFO ../tb/uart_virseqs.sv(292) @ 95690000: uvm_test_top.env.vir_seqr@@vseq_receive_N_RX [VSEQ_N] 
#####========================Executing FRAME 2/18...========================#####
# UVM_INFO ../tb/uart_virseqs.sv(222) @ 95690000: uvm_test_top.env.vir_seqr@@vseq_receive_N_RX.single_rx_vseq [VSEQ] === STARTING RX TEST (With Data Masking) ===
# UVM_INFO ../tb/uart_virseqs.sv(66) @ 95690000: uvm_test_top.env.vir_seqr@@config_vseq [VSEQ] Configuring System using shared object from Test...
# UVM_INFO ../apb_uvc/apb_seqs.sv(62) @ 95690000: uvm_test_top.env.apb_uvcc.agent.sequencer@@apb_seq [APB_WR_SEQ] Writing Config to DUT: 0x00000000 
#  (DATA_5BIT, PARITY_DIS, PARITY_ODD, STOP_1BIT)
# UVM_INFO ../tb/apb_uart_scoreboard.sv(73) @ 95690000: uvm_test_top.env.scoreboard [SB_APB] APB<-RXDATA queued: 0x00
# UVM_INFO ../tb/apb_uart_scoreboard.sv(202) @ 95690000: uvm_test_top.env.scoreboard [SB_RX] Match UART_RX == APB<-RXDATA == 0x00 (bits=5)
# UVM_INFO ../apb_uvc/apb_driver.sv(52) @ 95750000: uvm_test_top.env.apb_uvcc.agent.driver [apb_driver] APB Transaction:
# --------------------------------------------------------------------------------------------------------
# Name                           Type              Size  Value                                            
# --------------------------------------------------------------------------------------------------------
# req                            apb_transaction   -     @1163                                            
#   paddr                        integral          12    'h8                                              
#   pwdata                       integral          32    'h0                                              
#   pwrite                       integral          1     'h1                                              
#   pstrb                        integral          4     'h1                                              
#   prdata                       integral          32    'h0xxxxxxxx                                      
#   pslverr                      integral          1     'h0X                                             
#   addr_type                    addr_test_type_e  32    ADDR_VALID                                       
#   write_true_flase             write_quality_e   32    WRITE_ADDR_TRUE                                  
#   begin_time                   time              64    95710000                                         
#   depth                        int               32    'd2                                              
#   parent sequence (name)       string            7     apb_seq                                          
#   parent sequence (full name)  string            49    uvm_test_top.env.apb_uvcc.agent.sequencer.apb_seq
#   sequencer                    string            41    uvm_test_top.env.apb_uvcc.agent.sequencer        
# --------------------------------------------------------------------------------------------------------
# 
# UVM_INFO ../tb/uart_virseqs.sv(74) @ 95750000: uvm_test_top.env.vir_seqr@@config_vseq [VSEQ] Activating UART Driver for RX path
# UVM_INFO ../uart_uvc/uart_seqs.sv(55) @ 95750000: uvm_test_top.env.uart_uvcc.agent.sequencer@@uart_seq [UART_CONFIG_FRAME_SEQ] Driving UART Transaction based on Shared Config
# UVM_INFO ../apb_uvc/apb_monitor.sv(52) @ 95750000: uvm_test_top.env.apb_uvcc.agent.monitor [MON] Updating UART Configuration
# UVM_INFO ../uart_uvc/uart_driver.sv(58) @ 95750000: uvm_test_top.env.uart_uvcc.agent.driver [uart_driver] 
#####===Driving Trans: DATA=0x17,DATA_5BIT, STOP_1BIT, PARITY_DIS, PARITY_ODD===#####
# UVM_INFO ../tb/apb_uart_scoreboard.sv(98) @ 156510000: uvm_test_top.env.scoreboard [SB_UART] UART RX queued: 0x17
# UVM_INFO ../uart_uvc/uart_monitor.sv(131) @ 156510000: uvm_test_top.env.uart_uvcc.agent.monitor [MON_RX] DATA is monitored from RX: 0x17
# UVM_INFO ../tb/uart_virseqs.sv(39) @ 156517000: uvm_test_top.env.vir_seqr@@vseq_receive_N_RX.single_rx_vseq [VSEQ] 
#####===NUM DATA BIT = DATA_5BIT, NUM STOP BIT = STOP_1BIT, PARITY EN = PARITY_DIS, PARITY TYPE = PARITY_ODD===#####
# UVM_INFO ../apb_uvc/apb_driver.sv(52) @ 191290000: uvm_test_top.env.apb_uvcc.agent.driver [apb_driver] APB Transaction:
# ------------------------------------------------------------------------------------------------------------------------------
# Name                           Type              Size  Value                                                                  
# ------------------------------------------------------------------------------------------------------------------------------
# req                            apb_transaction   -     @1195                                                                  
#   paddr                        integral          12    'h4                                                                    
#   pwdata                       integral          32    'h740eed7d                                                             
#   pwrite                       integral          1     'h0                                                                    
#   pstrb                        integral          4     'h1                                                                    
#   prdata                       integral          32    'h0                                                                    
#   pslverr                      integral          1     'h0X                                                                   
#   addr_type                    addr_test_type_e  32    ADDR_RO                                                                
#   write_true_flase             write_quality_e   32    WRITE_ADDR_TRUE                                                        
#   begin_time                   time              64    191250000                                                              
#   depth                        int               32    'd4                                                                    
#   parent sequence (name)       string            12    apb_read_seq                                                           
#   parent sequence (full name)  string            71    uvm_test_top.env.vir_seqr.vseq_receive_N_RX.single_rx_vseq.apb_read_seq
#   sequencer                    string            41    uvm_test_top.env.apb_uvcc.agent.sequencer                              
# ------------------------------------------------------------------------------------------------------------------------------
# 
# UVM_INFO ../apb_uvc/apb_seqs.sv(121) @ 191290000: uvm_test_top.env.apb_uvcc.agent.sequencer@@vseq_receive_N_RX.single_rx_vseq.apb_read_seq [APB_RX_SEQ] Read RX with DATA: 00000000
# UVM_ERROR ../tb/uart_virseqs.sv(268) @ 191290000: uvm_test_top.env.vir_seqr@@vseq_receive_N_RX.single_rx_vseq [VSEQ_MISMATCH] FAILED! Mask: 00011111, Masked Sent: 00010111, Masked Read: 00000000
# UVM_INFO ../tb/uart_virseqs.sv(292) @ 191290000: uvm_test_top.env.vir_seqr@@vseq_receive_N_RX [VSEQ_N] 
#####========================Executing FRAME 3/18...========================#####
# UVM_INFO ../tb/uart_virseqs.sv(222) @ 191290000: uvm_test_top.env.vir_seqr@@vseq_receive_N_RX.single_rx_vseq [VSEQ] === STARTING RX TEST (With Data Masking) ===
# UVM_INFO ../tb/uart_virseqs.sv(66) @ 191290000: uvm_test_top.env.vir_seqr@@config_vseq [VSEQ] Configuring System using shared object from Test...
# UVM_INFO ../apb_uvc/apb_seqs.sv(62) @ 191290000: uvm_test_top.env.apb_uvcc.agent.sequencer@@apb_seq [APB_WR_SEQ] Writing Config to DUT: 0x00000000 
#  (DATA_5BIT, PARITY_DIS, PARITY_ODD, STOP_1BIT)
# UVM_INFO ../tb/apb_uart_scoreboard.sv(73) @ 191290000: uvm_test_top.env.scoreboard [SB_APB] APB<-RXDATA queued: 0x00
# UVM_ERROR ../tb/apb_uart_scoreboard.sv(190) @ 191290000: uvm_test_top.env.scoreboard [SB_RX] Mismatch APB<-RXDATA vs UART_RX! bits=5 EXP=0x01 ACT=0x00 (raw UART=0x17 raw APB=0x00)
# UVM_INFO ../apb_uvc/apb_driver.sv(52) @ 191350000: uvm_test_top.env.apb_uvcc.agent.driver [apb_driver] APB Transaction:
# --------------------------------------------------------------------------------------------------------
# Name                           Type              Size  Value                                            
# --------------------------------------------------------------------------------------------------------
# req                            apb_transaction   -     @1213                                            
#   paddr                        integral          12    'h8                                              
#   pwdata                       integral          32    'h0                                              
#   pwrite                       integral          1     'h1                                              
#   pstrb                        integral          4     'h1                                              
#   prdata                       integral          32    'h0xxxxxxxx                                      
#   pslverr                      integral          1     'h0X                                             
#   addr_type                    addr_test_type_e  32    ADDR_VALID                                       
#   write_true_flase             write_quality_e   32    WRITE_ADDR_TRUE                                  
#   begin_time                   time              64    191310000                                        
#   depth                        int               32    'd2                                              
#   parent sequence (name)       string            7     apb_seq                                          
#   parent sequence (full name)  string            49    uvm_test_top.env.apb_uvcc.agent.sequencer.apb_seq
#   sequencer                    string            41    uvm_test_top.env.apb_uvcc.agent.sequencer        
# --------------------------------------------------------------------------------------------------------
# 
# UVM_INFO ../tb/uart_virseqs.sv(74) @ 191350000: uvm_test_top.env.vir_seqr@@config_vseq [VSEQ] Activating UART Driver for RX path
# UVM_INFO ../uart_uvc/uart_seqs.sv(55) @ 191350000: uvm_test_top.env.uart_uvcc.agent.sequencer@@uart_seq [UART_CONFIG_FRAME_SEQ] Driving UART Transaction based on Shared Config
# UVM_INFO ../apb_uvc/apb_monitor.sv(52) @ 191350000: uvm_test_top.env.apb_uvcc.agent.monitor [MON] Updating UART Configuration
# UVM_INFO ../uart_uvc/uart_driver.sv(58) @ 191350000: uvm_test_top.env.uart_uvcc.agent.driver [uart_driver] 
#####===Driving Trans: DATA=0x13,DATA_5BIT, STOP_1BIT, PARITY_DIS, PARITY_ODD===#####
# UVM_INFO ../tb/apb_uart_scoreboard.sv(98) @ 252110000: uvm_test_top.env.scoreboard [SB_UART] UART RX queued: 0x13
# UVM_INFO ../uart_uvc/uart_monitor.sv(131) @ 252110000: uvm_test_top.env.uart_uvcc.agent.monitor [MON_RX] DATA is monitored from RX: 0x13
# UVM_INFO ../tb/uart_virseqs.sv(39) @ 252117000: uvm_test_top.env.vir_seqr@@vseq_receive_N_RX.single_rx_vseq [VSEQ] 
#####===NUM DATA BIT = DATA_5BIT, NUM STOP BIT = STOP_1BIT, PARITY EN = PARITY_DIS, PARITY TYPE = PARITY_ODD===#####
# UVM_INFO ../apb_uvc/apb_driver.sv(52) @ 286890000: uvm_test_top.env.apb_uvcc.agent.driver [apb_driver] APB Transaction:
# ------------------------------------------------------------------------------------------------------------------------------
# Name                           Type              Size  Value                                                                  
# ------------------------------------------------------------------------------------------------------------------------------
# req                            apb_transaction   -     @1245                                                                  
#   paddr                        integral          12    'h4                                                                    
#   pwdata                       integral          32    'hdd331700                                                             
#   pwrite                       integral          1     'h0                                                                    
#   pstrb                        integral          4     'h0                                                                    
#   prdata                       integral          32    'h0                                                                    
#   pslverr                      integral          1     'h0X                                                                   
#   addr_type                    addr_test_type_e  32    ADDR_RO                                                                
#   write_true_flase             write_quality_e   32    WRITE_ADDR_FALSE                                                       
#   begin_time                   time              64    286850000                                                              
#   depth                        int               32    'd4                                                                    
#   parent sequence (name)       string            12    apb_read_seq                                                           
#   parent sequence (full name)  string            71    uvm_test_top.env.vir_seqr.vseq_receive_N_RX.single_rx_vseq.apb_read_seq
#   sequencer                    string            41    uvm_test_top.env.apb_uvcc.agent.sequencer                              
# ------------------------------------------------------------------------------------------------------------------------------
# 
# UVM_INFO ../apb_uvc/apb_seqs.sv(121) @ 286890000: uvm_test_top.env.apb_uvcc.agent.sequencer@@vseq_receive_N_RX.single_rx_vseq.apb_read_seq [APB_RX_SEQ] Read RX with DATA: 00000000
# UVM_ERROR ../tb/uart_virseqs.sv(268) @ 286890000: uvm_test_top.env.vir_seqr@@vseq_receive_N_RX.single_rx_vseq [VSEQ_MISMATCH] FAILED! Mask: 00011111, Masked Sent: 00010011, Masked Read: 00000000
# UVM_INFO ../tb/uart_virseqs.sv(292) @ 286890000: uvm_test_top.env.vir_seqr@@vseq_receive_N_RX [VSEQ_N] 
#####========================Executing FRAME 4/18...========================#####
# UVM_INFO ../tb/uart_virseqs.sv(222) @ 286890000: uvm_test_top.env.vir_seqr@@vseq_receive_N_RX.single_rx_vseq [VSEQ] === STARTING RX TEST (With Data Masking) ===
# UVM_INFO ../tb/uart_virseqs.sv(66) @ 286890000: uvm_test_top.env.vir_seqr@@config_vseq [VSEQ] Configuring System using shared object from Test...
# UVM_INFO ../apb_uvc/apb_seqs.sv(62) @ 286890000: uvm_test_top.env.apb_uvcc.agent.sequencer@@apb_seq [APB_WR_SEQ] Writing Config to DUT: 0x00000000 
#  (DATA_5BIT, PARITY_DIS, PARITY_ODD, STOP_1BIT)
# UVM_INFO ../tb/apb_uart_scoreboard.sv(73) @ 286890000: uvm_test_top.env.scoreboard [SB_APB] APB<-RXDATA queued: 0x00
# UVM_ERROR ../tb/apb_uart_scoreboard.sv(190) @ 286890000: uvm_test_top.env.scoreboard [SB_RX] Mismatch APB<-RXDATA vs UART_RX! bits=5 EXP=0x01 ACT=0x00 (raw UART=0x13 raw APB=0x00)
# UVM_INFO ../apb_uvc/apb_driver.sv(52) @ 286950000: uvm_test_top.env.apb_uvcc.agent.driver [apb_driver] APB Transaction:
# --------------------------------------------------------------------------------------------------------
# Name                           Type              Size  Value                                            
# --------------------------------------------------------------------------------------------------------
# req                            apb_transaction   -     @1263                                            
#   paddr                        integral          12    'h8                                              
#   pwdata                       integral          32    'h0                                              
#   pwrite                       integral          1     'h1                                              
#   pstrb                        integral          4     'h1                                              
#   prdata                       integral          32    'h0xxxxxxxx                                      
#   pslverr                      integral          1     'h0X                                             
#   addr_type                    addr_test_type_e  32    ADDR_VALID                                       
#   write_true_flase             write_quality_e   32    WRITE_ADDR_TRUE                                  
#   begin_time                   time              64    286910000                                        
#   depth                        int               32    'd2                                              
#   parent sequence (name)       string            7     apb_seq                                          
#   parent sequence (full name)  string            49    uvm_test_top.env.apb_uvcc.agent.sequencer.apb_seq
#   sequencer                    string            41    uvm_test_top.env.apb_uvcc.agent.sequencer        
# --------------------------------------------------------------------------------------------------------
# 
# UVM_INFO ../tb/uart_virseqs.sv(74) @ 286950000: uvm_test_top.env.vir_seqr@@config_vseq [VSEQ] Activating UART Driver for RX path
# UVM_INFO ../uart_uvc/uart_seqs.sv(55) @ 286950000: uvm_test_top.env.uart_uvcc.agent.sequencer@@uart_seq [UART_CONFIG_FRAME_SEQ] Driving UART Transaction based on Shared Config
# UVM_INFO ../apb_uvc/apb_monitor.sv(52) @ 286950000: uvm_test_top.env.apb_uvcc.agent.monitor [MON] Updating UART Configuration
# UVM_INFO ../uart_uvc/uart_driver.sv(58) @ 286950000: uvm_test_top.env.uart_uvcc.agent.driver [uart_driver] 
#####===Driving Trans: DATA=0x1a,DATA_5BIT, STOP_1BIT, PARITY_DIS, PARITY_ODD===#####
# UVM_INFO ../tb/apb_uart_scoreboard.sv(98) @ 347710000: uvm_test_top.env.scoreboard [SB_UART] UART RX queued: 0x1a
# UVM_INFO ../uart_uvc/uart_monitor.sv(131) @ 347710000: uvm_test_top.env.uart_uvcc.agent.monitor [MON_RX] DATA is monitored from RX: 0x1a
# UVM_INFO ../tb/uart_virseqs.sv(39) @ 347717000: uvm_test_top.env.vir_seqr@@vseq_receive_N_RX.single_rx_vseq [VSEQ] 
#####===NUM DATA BIT = DATA_5BIT, NUM STOP BIT = STOP_1BIT, PARITY EN = PARITY_DIS, PARITY TYPE = PARITY_ODD===#####
# UVM_INFO ../apb_uvc/apb_driver.sv(52) @ 382490000: uvm_test_top.env.apb_uvcc.agent.driver [apb_driver] APB Transaction:
# ------------------------------------------------------------------------------------------------------------------------------
# Name                           Type              Size  Value                                                                  
# ------------------------------------------------------------------------------------------------------------------------------
# req                            apb_transaction   -     @1295                                                                  
#   paddr                        integral          12    'h4                                                                    
#   pwdata                       integral          32    'h6becb006                                                             
#   pwrite                       integral          1     'h0                                                                    
#   pstrb                        integral          4     'h0                                                                    
#   prdata                       integral          32    'h0                                                                    
#   pslverr                      integral          1     'h0X                                                                   
#   addr_type                    addr_test_type_e  32    ADDR_RO                                                                
#   write_true_flase             write_quality_e   32    WRITE_ADDR_FALSE                                                       
#   begin_time                   time              64    382450000                                                              
#   depth                        int               32    'd4                                                                    
#   parent sequence (name)       string            12    apb_read_seq                                                           
#   parent sequence (full name)  string            71    uvm_test_top.env.vir_seqr.vseq_receive_N_RX.single_rx_vseq.apb_read_seq
#   sequencer                    string            41    uvm_test_top.env.apb_uvcc.agent.sequencer                              
# ------------------------------------------------------------------------------------------------------------------------------
# 
# UVM_INFO ../apb_uvc/apb_seqs.sv(121) @ 382490000: uvm_test_top.env.apb_uvcc.agent.sequencer@@vseq_receive_N_RX.single_rx_vseq.apb_read_seq [APB_RX_SEQ] Read RX with DATA: 00000000
# UVM_ERROR ../tb/uart_virseqs.sv(268) @ 382490000: uvm_test_top.env.vir_seqr@@vseq_receive_N_RX.single_rx_vseq [VSEQ_MISMATCH] FAILED! Mask: 00011111, Masked Sent: 00011010, Masked Read: 00000000
# UVM_INFO ../tb/uart_virseqs.sv(292) @ 382490000: uvm_test_top.env.vir_seqr@@vseq_receive_N_RX [VSEQ_N] 
#####========================Executing FRAME 5/18...========================#####
# UVM_INFO ../tb/uart_virseqs.sv(222) @ 382490000: uvm_test_top.env.vir_seqr@@vseq_receive_N_RX.single_rx_vseq [VSEQ] === STARTING RX TEST (With Data Masking) ===
# UVM_INFO ../tb/uart_virseqs.sv(66) @ 382490000: uvm_test_top.env.vir_seqr@@config_vseq [VSEQ] Configuring System using shared object from Test...
# UVM_INFO ../apb_uvc/apb_seqs.sv(62) @ 382490000: uvm_test_top.env.apb_uvcc.agent.sequencer@@apb_seq [APB_WR_SEQ] Writing Config to DUT: 0x00000000 
#  (DATA_5BIT, PARITY_DIS, PARITY_ODD, STOP_1BIT)
# UVM_INFO ../tb/apb_uart_scoreboard.sv(73) @ 382490000: uvm_test_top.env.scoreboard [SB_APB] APB<-RXDATA queued: 0x00
# UVM_INFO ../tb/apb_uart_scoreboard.sv(202) @ 382490000: uvm_test_top.env.scoreboard [SB_RX] Match UART_RX == APB<-RXDATA == 0x00 (bits=5)
# UVM_INFO ../apb_uvc/apb_driver.sv(52) @ 382550000: uvm_test_top.env.apb_uvcc.agent.driver [apb_driver] APB Transaction:
# --------------------------------------------------------------------------------------------------------
# Name                           Type              Size  Value                                            
# --------------------------------------------------------------------------------------------------------
# req                            apb_transaction   -     @1313                                            
#   paddr                        integral          12    'h8                                              
#   pwdata                       integral          32    'h0                                              
#   pwrite                       integral          1     'h1                                              
#   pstrb                        integral          4     'h1                                              
#   prdata                       integral          32    'h0xxxxxxxx                                      
#   pslverr                      integral          1     'h0X                                             
#   addr_type                    addr_test_type_e  32    ADDR_VALID                                       
#   write_true_flase             write_quality_e   32    WRITE_ADDR_FALSE                                 
#   begin_time                   time              64    382510000                                        
#   depth                        int               32    'd2                                              
#   parent sequence (name)       string            7     apb_seq                                          
#   parent sequence (full name)  string            49    uvm_test_top.env.apb_uvcc.agent.sequencer.apb_seq
#   sequencer                    string            41    uvm_test_top.env.apb_uvcc.agent.sequencer        
# --------------------------------------------------------------------------------------------------------
# 
# UVM_INFO ../tb/uart_virseqs.sv(74) @ 382550000: uvm_test_top.env.vir_seqr@@config_vseq [VSEQ] Activating UART Driver for RX path
# UVM_INFO ../uart_uvc/uart_seqs.sv(55) @ 382550000: uvm_test_top.env.uart_uvcc.agent.sequencer@@uart_seq [UART_CONFIG_FRAME_SEQ] Driving UART Transaction based on Shared Config
# UVM_INFO ../apb_uvc/apb_monitor.sv(52) @ 382550000: uvm_test_top.env.apb_uvcc.agent.monitor [MON] Updating UART Configuration
# UVM_INFO ../uart_uvc/uart_driver.sv(58) @ 382550000: uvm_test_top.env.uart_uvcc.agent.driver [uart_driver] 
#####===Driving Trans: DATA=0x0d,DATA_5BIT, STOP_1BIT, PARITY_DIS, PARITY_ODD===#####
# UVM_INFO ../tb/apb_uart_scoreboard.sv(98) @ 443310000: uvm_test_top.env.scoreboard [SB_UART] UART RX queued: 0x0d
# UVM_INFO ../uart_uvc/uart_monitor.sv(131) @ 443310000: uvm_test_top.env.uart_uvcc.agent.monitor [MON_RX] DATA is monitored from RX: 0x0d
# UVM_INFO ../tb/uart_virseqs.sv(39) @ 443317000: uvm_test_top.env.vir_seqr@@vseq_receive_N_RX.single_rx_vseq [VSEQ] 
#####===NUM DATA BIT = DATA_5BIT, NUM STOP BIT = STOP_1BIT, PARITY EN = PARITY_DIS, PARITY TYPE = PARITY_ODD===#####
# UVM_INFO ../apb_uvc/apb_driver.sv(52) @ 478090000: uvm_test_top.env.apb_uvcc.agent.driver [apb_driver] APB Transaction:
# ------------------------------------------------------------------------------------------------------------------------------
# Name                           Type              Size  Value                                                                  
# ------------------------------------------------------------------------------------------------------------------------------
# req                            apb_transaction   -     @1345                                                                  
#   paddr                        integral          12    'h4                                                                    
#   pwdata                       integral          32    'h1fed5bce                                                             
#   pwrite                       integral          1     'h0                                                                    
#   pstrb                        integral          4     'h1                                                                    
#   prdata                       integral          32    'h0                                                                    
#   pslverr                      integral          1     'h0X                                                                   
#   addr_type                    addr_test_type_e  32    ADDR_RO                                                                
#   write_true_flase             write_quality_e   32    WRITE_ADDR_TRUE                                                        
#   begin_time                   time              64    478050000                                                              
#   depth                        int               32    'd4                                                                    
#   parent sequence (name)       string            12    apb_read_seq                                                           
#   parent sequence (full name)  string            71    uvm_test_top.env.vir_seqr.vseq_receive_N_RX.single_rx_vseq.apb_read_seq
#   sequencer                    string            41    uvm_test_top.env.apb_uvcc.agent.sequencer                              
# ------------------------------------------------------------------------------------------------------------------------------
# 
# UVM_INFO ../apb_uvc/apb_seqs.sv(121) @ 478090000: uvm_test_top.env.apb_uvcc.agent.sequencer@@vseq_receive_N_RX.single_rx_vseq.apb_read_seq [APB_RX_SEQ] Read RX with DATA: 00000000
# UVM_ERROR ../tb/uart_virseqs.sv(268) @ 478090000: uvm_test_top.env.vir_seqr@@vseq_receive_N_RX.single_rx_vseq [VSEQ_MISMATCH] FAILED! Mask: 00011111, Masked Sent: 00001101, Masked Read: 00000000
# UVM_INFO ../tb/uart_virseqs.sv(292) @ 478090000: uvm_test_top.env.vir_seqr@@vseq_receive_N_RX [VSEQ_N] 
#####========================Executing FRAME 6/18...========================#####
# UVM_INFO ../tb/uart_virseqs.sv(222) @ 478090000: uvm_test_top.env.vir_seqr@@vseq_receive_N_RX.single_rx_vseq [VSEQ] === STARTING RX TEST (With Data Masking) ===
# UVM_INFO ../tb/uart_virseqs.sv(66) @ 478090000: uvm_test_top.env.vir_seqr@@config_vseq [VSEQ] Configuring System using shared object from Test...
# UVM_INFO ../apb_uvc/apb_seqs.sv(62) @ 478090000: uvm_test_top.env.apb_uvcc.agent.sequencer@@apb_seq [APB_WR_SEQ] Writing Config to DUT: 0x00000000 
#  (DATA_5BIT, PARITY_DIS, PARITY_ODD, STOP_1BIT)
# UVM_INFO ../tb/apb_uart_scoreboard.sv(73) @ 478090000: uvm_test_top.env.scoreboard [SB_APB] APB<-RXDATA queued: 0x00
# UVM_ERROR ../tb/apb_uart_scoreboard.sv(190) @ 478090000: uvm_test_top.env.scoreboard [SB_RX] Mismatch APB<-RXDATA vs UART_RX! bits=5 EXP=0x01 ACT=0x00 (raw UART=0x0d raw APB=0x00)
# UVM_INFO ../apb_uvc/apb_driver.sv(52) @ 478150000: uvm_test_top.env.apb_uvcc.agent.driver [apb_driver] APB Transaction:
# --------------------------------------------------------------------------------------------------------
# Name                           Type              Size  Value                                            
# --------------------------------------------------------------------------------------------------------
# req                            apb_transaction   -     @1363                                            
#   paddr                        integral          12    'h8                                              
#   pwdata                       integral          32    'h0                                              
#   pwrite                       integral          1     'h1                                              
#   pstrb                        integral          4     'h1                                              
#   prdata                       integral          32    'h0xxxxxxxx                                      
#   pslverr                      integral          1     'h0X                                             
#   addr_type                    addr_test_type_e  32    ADDR_VALID                                       
#   write_true_flase             write_quality_e   32    WRITE_ADDR_TRUE                                  
#   begin_time                   time              64    478110000                                        
#   depth                        int               32    'd2                                              
#   parent sequence (name)       string            7     apb_seq                                          
#   parent sequence (full name)  string            49    uvm_test_top.env.apb_uvcc.agent.sequencer.apb_seq
#   sequencer                    string            41    uvm_test_top.env.apb_uvcc.agent.sequencer        
# --------------------------------------------------------------------------------------------------------
# 
# UVM_INFO ../tb/uart_virseqs.sv(74) @ 478150000: uvm_test_top.env.vir_seqr@@config_vseq [VSEQ] Activating UART Driver for RX path
# UVM_INFO ../uart_uvc/uart_seqs.sv(55) @ 478150000: uvm_test_top.env.uart_uvcc.agent.sequencer@@uart_seq [UART_CONFIG_FRAME_SEQ] Driving UART Transaction based on Shared Config
# UVM_INFO ../apb_uvc/apb_monitor.sv(52) @ 478150000: uvm_test_top.env.apb_uvcc.agent.monitor [MON] Updating UART Configuration
# UVM_INFO ../uart_uvc/uart_driver.sv(58) @ 478150000: uvm_test_top.env.uart_uvcc.agent.driver [uart_driver] 
#####===Driving Trans: DATA=0x07,DATA_5BIT, STOP_1BIT, PARITY_DIS, PARITY_ODD===#####
# UVM_INFO ../tb/apb_uart_scoreboard.sv(98) @ 538910000: uvm_test_top.env.scoreboard [SB_UART] UART RX queued: 0x07
# UVM_INFO ../uart_uvc/uart_monitor.sv(131) @ 538910000: uvm_test_top.env.uart_uvcc.agent.monitor [MON_RX] DATA is monitored from RX: 0x07
# UVM_INFO ../tb/uart_virseqs.sv(39) @ 538917000: uvm_test_top.env.vir_seqr@@vseq_receive_N_RX.single_rx_vseq [VSEQ] 
#####===NUM DATA BIT = DATA_5BIT, NUM STOP BIT = STOP_1BIT, PARITY EN = PARITY_DIS, PARITY TYPE = PARITY_ODD===#####
# UVM_INFO ../apb_uvc/apb_driver.sv(52) @ 573690000: uvm_test_top.env.apb_uvcc.agent.driver [apb_driver] APB Transaction:
# ------------------------------------------------------------------------------------------------------------------------------
# Name                           Type              Size  Value                                                                  
# ------------------------------------------------------------------------------------------------------------------------------
# req                            apb_transaction   -     @1395                                                                  
#   paddr                        integral          12    'h4                                                                    
#   pwdata                       integral          32    'h98f7961b                                                             
#   pwrite                       integral          1     'h0                                                                    
#   pstrb                        integral          4     'h0                                                                    
#   prdata                       integral          32    'h0                                                                    
#   pslverr                      integral          1     'h0X                                                                   
#   addr_type                    addr_test_type_e  32    ADDR_RO                                                                
#   write_true_flase             write_quality_e   32    WRITE_ADDR_TRUE                                                        
#   begin_time                   time              64    573650000                                                              
#   depth                        int               32    'd4                                                                    
#   parent sequence (name)       string            12    apb_read_seq                                                           
#   parent sequence (full name)  string            71    uvm_test_top.env.vir_seqr.vseq_receive_N_RX.single_rx_vseq.apb_read_seq
#   sequencer                    string            41    uvm_test_top.env.apb_uvcc.agent.sequencer                              
# ------------------------------------------------------------------------------------------------------------------------------
# 
# UVM_INFO ../apb_uvc/apb_seqs.sv(121) @ 573690000: uvm_test_top.env.apb_uvcc.agent.sequencer@@vseq_receive_N_RX.single_rx_vseq.apb_read_seq [APB_RX_SEQ] Read RX with DATA: 00000000
# UVM_ERROR ../tb/uart_virseqs.sv(268) @ 573690000: uvm_test_top.env.vir_seqr@@vseq_receive_N_RX.single_rx_vseq [VSEQ_MISMATCH] FAILED! Mask: 00011111, Masked Sent: 00000111, Masked Read: 00000000
# UVM_INFO ../tb/uart_virseqs.sv(292) @ 573690000: uvm_test_top.env.vir_seqr@@vseq_receive_N_RX [VSEQ_N] 
#####========================Executing FRAME 7/18...========================#####
# UVM_INFO ../tb/uart_virseqs.sv(222) @ 573690000: uvm_test_top.env.vir_seqr@@vseq_receive_N_RX.single_rx_vseq [VSEQ] === STARTING RX TEST (With Data Masking) ===
# UVM_INFO ../tb/uart_virseqs.sv(66) @ 573690000: uvm_test_top.env.vir_seqr@@config_vseq [VSEQ] Configuring System using shared object from Test...
# UVM_INFO ../apb_uvc/apb_seqs.sv(62) @ 573690000: uvm_test_top.env.apb_uvcc.agent.sequencer@@apb_seq [APB_WR_SEQ] Writing Config to DUT: 0x00000000 
#  (DATA_5BIT, PARITY_DIS, PARITY_ODD, STOP_1BIT)
# UVM_INFO ../tb/apb_uart_scoreboard.sv(73) @ 573690000: uvm_test_top.env.scoreboard [SB_APB] APB<-RXDATA queued: 0x00
# UVM_ERROR ../tb/apb_uart_scoreboard.sv(190) @ 573690000: uvm_test_top.env.scoreboard [SB_RX] Mismatch APB<-RXDATA vs UART_RX! bits=5 EXP=0x01 ACT=0x00 (raw UART=0x07 raw APB=0x00)
# UVM_INFO ../apb_uvc/apb_driver.sv(52) @ 573750000: uvm_test_top.env.apb_uvcc.agent.driver [apb_driver] APB Transaction:
# --------------------------------------------------------------------------------------------------------
# Name                           Type              Size  Value                                            
# --------------------------------------------------------------------------------------------------------
# req                            apb_transaction   -     @1413                                            
#   paddr                        integral          12    'h8                                              
#   pwdata                       integral          32    'h0                                              
#   pwrite                       integral          1     'h1                                              
#   pstrb                        integral          4     'h1                                              
#   prdata                       integral          32    'h0xxxxxxxx                                      
#   pslverr                      integral          1     'h0X                                             
#   addr_type                    addr_test_type_e  32    ADDR_VALID                                       
#   write_true_flase             write_quality_e   32    WRITE_ADDR_TRUE                                  
#   begin_time                   time              64    573710000                                        
#   depth                        int               32    'd2                                              
#   parent sequence (name)       string            7     apb_seq                                          
#   parent sequence (full name)  string            49    uvm_test_top.env.apb_uvcc.agent.sequencer.apb_seq
#   sequencer                    string            41    uvm_test_top.env.apb_uvcc.agent.sequencer        
# --------------------------------------------------------------------------------------------------------
# 
# UVM_INFO ../tb/uart_virseqs.sv(74) @ 573750000: uvm_test_top.env.vir_seqr@@config_vseq [VSEQ] Activating UART Driver for RX path
# UVM_INFO ../uart_uvc/uart_seqs.sv(55) @ 573750000: uvm_test_top.env.uart_uvcc.agent.sequencer@@uart_seq [UART_CONFIG_FRAME_SEQ] Driving UART Transaction based on Shared Config
# UVM_INFO ../apb_uvc/apb_monitor.sv(52) @ 573750000: uvm_test_top.env.apb_uvcc.agent.monitor [MON] Updating UART Configuration
# UVM_INFO ../uart_uvc/uart_driver.sv(58) @ 573750000: uvm_test_top.env.uart_uvcc.agent.driver [uart_driver] 
#####===Driving Trans: DATA=0x0c,DATA_5BIT, STOP_1BIT, PARITY_DIS, PARITY_ODD===#####
# UVM_INFO ../tb/apb_uart_scoreboard.sv(98) @ 634510000: uvm_test_top.env.scoreboard [SB_UART] UART RX queued: 0x0c
# UVM_INFO ../uart_uvc/uart_monitor.sv(131) @ 634510000: uvm_test_top.env.uart_uvcc.agent.monitor [MON_RX] DATA is monitored from RX: 0x0c
# UVM_INFO ../tb/uart_virseqs.sv(39) @ 634517000: uvm_test_top.env.vir_seqr@@vseq_receive_N_RX.single_rx_vseq [VSEQ] 
#####===NUM DATA BIT = DATA_5BIT, NUM STOP BIT = STOP_1BIT, PARITY EN = PARITY_DIS, PARITY TYPE = PARITY_ODD===#####
# UVM_INFO ../apb_uvc/apb_driver.sv(52) @ 669290000: uvm_test_top.env.apb_uvcc.agent.driver [apb_driver] APB Transaction:
# ------------------------------------------------------------------------------------------------------------------------------
# Name                           Type              Size  Value                                                                  
# ------------------------------------------------------------------------------------------------------------------------------
# req                            apb_transaction   -     @1445                                                                  
#   paddr                        integral          12    'h4                                                                    
#   pwdata                       integral          32    'h9cda563f                                                             
#   pwrite                       integral          1     'h0                                                                    
#   pstrb                        integral          4     'h1                                                                    
#   prdata                       integral          32    'h0                                                                    
#   pslverr                      integral          1     'h0X                                                                   
#   addr_type                    addr_test_type_e  32    ADDR_RO                                                                
#   write_true_flase             write_quality_e   32    WRITE_ADDR_TRUE                                                        
#   begin_time                   time              64    669250000                                                              
#   depth                        int               32    'd4                                                                    
#   parent sequence (name)       string            12    apb_read_seq                                                           
#   parent sequence (full name)  string            71    uvm_test_top.env.vir_seqr.vseq_receive_N_RX.single_rx_vseq.apb_read_seq
#   sequencer                    string            41    uvm_test_top.env.apb_uvcc.agent.sequencer                              
# ------------------------------------------------------------------------------------------------------------------------------
# 
# UVM_INFO ../apb_uvc/apb_seqs.sv(121) @ 669290000: uvm_test_top.env.apb_uvcc.agent.sequencer@@vseq_receive_N_RX.single_rx_vseq.apb_read_seq [APB_RX_SEQ] Read RX with DATA: 00000000
# UVM_ERROR ../tb/uart_virseqs.sv(268) @ 669290000: uvm_test_top.env.vir_seqr@@vseq_receive_N_RX.single_rx_vseq [VSEQ_MISMATCH] FAILED! Mask: 00011111, Masked Sent: 00001100, Masked Read: 00000000
# UVM_INFO ../tb/uart_virseqs.sv(292) @ 669290000: uvm_test_top.env.vir_seqr@@vseq_receive_N_RX [VSEQ_N] 
#####========================Executing FRAME 8/18...========================#####
# UVM_INFO ../tb/uart_virseqs.sv(222) @ 669290000: uvm_test_top.env.vir_seqr@@vseq_receive_N_RX.single_rx_vseq [VSEQ] === STARTING RX TEST (With Data Masking) ===
# UVM_INFO ../tb/uart_virseqs.sv(66) @ 669290000: uvm_test_top.env.vir_seqr@@config_vseq [VSEQ] Configuring System using shared object from Test...
# UVM_INFO ../apb_uvc/apb_seqs.sv(62) @ 669290000: uvm_test_top.env.apb_uvcc.agent.sequencer@@apb_seq [APB_WR_SEQ] Writing Config to DUT: 0x00000000 
#  (DATA_5BIT, PARITY_DIS, PARITY_ODD, STOP_1BIT)
# UVM_INFO ../tb/apb_uart_scoreboard.sv(73) @ 669290000: uvm_test_top.env.scoreboard [SB_APB] APB<-RXDATA queued: 0x00
# UVM_INFO ../tb/apb_uart_scoreboard.sv(202) @ 669290000: uvm_test_top.env.scoreboard [SB_RX] Match UART_RX == APB<-RXDATA == 0x00 (bits=5)
# UVM_INFO ../apb_uvc/apb_driver.sv(52) @ 669350000: uvm_test_top.env.apb_uvcc.agent.driver [apb_driver] APB Transaction:
# --------------------------------------------------------------------------------------------------------
# Name                           Type              Size  Value                                            
# --------------------------------------------------------------------------------------------------------
# req                            apb_transaction   -     @1463                                            
#   paddr                        integral          12    'h8                                              
#   pwdata                       integral          32    'h0                                              
#   pwrite                       integral          1     'h1                                              
#   pstrb                        integral          4     'h1                                              
#   prdata                       integral          32    'h0xxxxxxxx                                      
#   pslverr                      integral          1     'h0X                                             
#   addr_type                    addr_test_type_e  32    ADDR_VALID                                       
#   write_true_flase             write_quality_e   32    WRITE_ADDR_TRUE                                  
#   begin_time                   time              64    669310000                                        
#   depth                        int               32    'd2                                              
#   parent sequence (name)       string            7     apb_seq                                          
#   parent sequence (full name)  string            49    uvm_test_top.env.apb_uvcc.agent.sequencer.apb_seq
#   sequencer                    string            41    uvm_test_top.env.apb_uvcc.agent.sequencer        
# --------------------------------------------------------------------------------------------------------
# 
# UVM_INFO ../tb/uart_virseqs.sv(74) @ 669350000: uvm_test_top.env.vir_seqr@@config_vseq [VSEQ] Activating UART Driver for RX path
# UVM_INFO ../uart_uvc/uart_seqs.sv(55) @ 669350000: uvm_test_top.env.uart_uvcc.agent.sequencer@@uart_seq [UART_CONFIG_FRAME_SEQ] Driving UART Transaction based on Shared Config
# UVM_INFO ../apb_uvc/apb_monitor.sv(52) @ 669350000: uvm_test_top.env.apb_uvcc.agent.monitor [MON] Updating UART Configuration
# UVM_INFO ../uart_uvc/uart_driver.sv(58) @ 669350000: uvm_test_top.env.uart_uvcc.agent.driver [uart_driver] 
#####===Driving Trans: DATA=0x1d,DATA_5BIT, STOP_1BIT, PARITY_DIS, PARITY_ODD===#####
# UVM_INFO ../tb/apb_uart_scoreboard.sv(98) @ 730110000: uvm_test_top.env.scoreboard [SB_UART] UART RX queued: 0x1d
# UVM_INFO ../uart_uvc/uart_monitor.sv(131) @ 730110000: uvm_test_top.env.uart_uvcc.agent.monitor [MON_RX] DATA is monitored from RX: 0x1d
# UVM_INFO ../tb/uart_virseqs.sv(39) @ 730117000: uvm_test_top.env.vir_seqr@@vseq_receive_N_RX.single_rx_vseq [VSEQ] 
#####===NUM DATA BIT = DATA_5BIT, NUM STOP BIT = STOP_1BIT, PARITY EN = PARITY_DIS, PARITY TYPE = PARITY_ODD===#####
# UVM_INFO ../apb_uvc/apb_driver.sv(52) @ 764890000: uvm_test_top.env.apb_uvcc.agent.driver [apb_driver] APB Transaction:
# ------------------------------------------------------------------------------------------------------------------------------
# Name                           Type              Size  Value                                                                  
# ------------------------------------------------------------------------------------------------------------------------------
# req                            apb_transaction   -     @1495                                                                  
#   paddr                        integral          12    'h4                                                                    
#   pwdata                       integral          32    'had815415                                                             
#   pwrite                       integral          1     'h0                                                                    
#   pstrb                        integral          4     'h0                                                                    
#   prdata                       integral          32    'h0                                                                    
#   pslverr                      integral          1     'h0X                                                                   
#   addr_type                    addr_test_type_e  32    ADDR_RO                                                                
#   write_true_flase             write_quality_e   32    WRITE_ADDR_TRUE                                                        
#   begin_time                   time              64    764850000                                                              
#   depth                        int               32    'd4                                                                    
#   parent sequence (name)       string            12    apb_read_seq                                                           
#   parent sequence (full name)  string            71    uvm_test_top.env.vir_seqr.vseq_receive_N_RX.single_rx_vseq.apb_read_seq
#   sequencer                    string            41    uvm_test_top.env.apb_uvcc.agent.sequencer                              
# ------------------------------------------------------------------------------------------------------------------------------
# 
# UVM_INFO ../apb_uvc/apb_seqs.sv(121) @ 764890000: uvm_test_top.env.apb_uvcc.agent.sequencer@@vseq_receive_N_RX.single_rx_vseq.apb_read_seq [APB_RX_SEQ] Read RX with DATA: 00000000
# UVM_ERROR ../tb/uart_virseqs.sv(268) @ 764890000: uvm_test_top.env.vir_seqr@@vseq_receive_N_RX.single_rx_vseq [VSEQ_MISMATCH] FAILED! Mask: 00011111, Masked Sent: 00011101, Masked Read: 00000000
# UVM_INFO ../tb/uart_virseqs.sv(292) @ 764890000: uvm_test_top.env.vir_seqr@@vseq_receive_N_RX [VSEQ_N] 
#####========================Executing FRAME 9/18...========================#####
# UVM_INFO ../tb/uart_virseqs.sv(222) @ 764890000: uvm_test_top.env.vir_seqr@@vseq_receive_N_RX.single_rx_vseq [VSEQ] === STARTING RX TEST (With Data Masking) ===
# UVM_INFO ../tb/uart_virseqs.sv(66) @ 764890000: uvm_test_top.env.vir_seqr@@config_vseq [VSEQ] Configuring System using shared object from Test...
# UVM_INFO ../apb_uvc/apb_seqs.sv(62) @ 764890000: uvm_test_top.env.apb_uvcc.agent.sequencer@@apb_seq [APB_WR_SEQ] Writing Config to DUT: 0x00000000 
#  (DATA_5BIT, PARITY_DIS, PARITY_ODD, STOP_1BIT)
# UVM_INFO ../tb/apb_uart_scoreboard.sv(73) @ 764890000: uvm_test_top.env.scoreboard [SB_APB] APB<-RXDATA queued: 0x00
# UVM_ERROR ../tb/apb_uart_scoreboard.sv(190) @ 764890000: uvm_test_top.env.scoreboard [SB_RX] Mismatch APB<-RXDATA vs UART_RX! bits=5 EXP=0x01 ACT=0x00 (raw UART=0x1d raw APB=0x00)
# UVM_INFO ../apb_uvc/apb_driver.sv(52) @ 764950000: uvm_test_top.env.apb_uvcc.agent.driver [apb_driver] APB Transaction:
# --------------------------------------------------------------------------------------------------------
# Name                           Type              Size  Value                                            
# --------------------------------------------------------------------------------------------------------
# req                            apb_transaction   -     @1513                                            
#   paddr                        integral          12    'h8                                              
#   pwdata                       integral          32    'h0                                              
#   pwrite                       integral          1     'h1                                              
#   pstrb                        integral          4     'h1                                              
#   prdata                       integral          32    'h0xxxxxxxx                                      
#   pslverr                      integral          1     'h0X                                             
#   addr_type                    addr_test_type_e  32    ADDR_VALID                                       
#   write_true_flase             write_quality_e   32    WRITE_ADDR_TRUE                                  
#   begin_time                   time              64    764910000                                        
#   depth                        int               32    'd2                                              
#   parent sequence (name)       string            7     apb_seq                                          
#   parent sequence (full name)  string            49    uvm_test_top.env.apb_uvcc.agent.sequencer.apb_seq
#   sequencer                    string            41    uvm_test_top.env.apb_uvcc.agent.sequencer        
# --------------------------------------------------------------------------------------------------------
# 
# UVM_INFO ../tb/uart_virseqs.sv(74) @ 764950000: uvm_test_top.env.vir_seqr@@config_vseq [VSEQ] Activating UART Driver for RX path
# UVM_INFO ../uart_uvc/uart_seqs.sv(55) @ 764950000: uvm_test_top.env.uart_uvcc.agent.sequencer@@uart_seq [UART_CONFIG_FRAME_SEQ] Driving UART Transaction based on Shared Config
# UVM_INFO ../apb_uvc/apb_monitor.sv(52) @ 764950000: uvm_test_top.env.apb_uvcc.agent.monitor [MON] Updating UART Configuration
# UVM_INFO ../uart_uvc/uart_driver.sv(58) @ 764950000: uvm_test_top.env.uart_uvcc.agent.driver [uart_driver] 
#####===Driving Trans: DATA=0x0b,DATA_5BIT, STOP_1BIT, PARITY_DIS, PARITY_ODD===#####
# UVM_INFO ../tb/apb_uart_scoreboard.sv(98) @ 825710000: uvm_test_top.env.scoreboard [SB_UART] UART RX queued: 0x0b
# UVM_INFO ../uart_uvc/uart_monitor.sv(131) @ 825710000: uvm_test_top.env.uart_uvcc.agent.monitor [MON_RX] DATA is monitored from RX: 0x0b
# UVM_INFO ../tb/uart_virseqs.sv(39) @ 825717000: uvm_test_top.env.vir_seqr@@vseq_receive_N_RX.single_rx_vseq [VSEQ] 
#####===NUM DATA BIT = DATA_5BIT, NUM STOP BIT = STOP_1BIT, PARITY EN = PARITY_DIS, PARITY TYPE = PARITY_ODD===#####
# UVM_INFO ../apb_uvc/apb_driver.sv(52) @ 860490000: uvm_test_top.env.apb_uvcc.agent.driver [apb_driver] APB Transaction:
# ------------------------------------------------------------------------------------------------------------------------------
# Name                           Type              Size  Value                                                                  
# ------------------------------------------------------------------------------------------------------------------------------
# req                            apb_transaction   -     @1545                                                                  
#   paddr                        integral          12    'h4                                                                    
#   pwdata                       integral          32    'h8d15a8c8                                                             
#   pwrite                       integral          1     'h0                                                                    
#   pstrb                        integral          4     'h0                                                                    
#   prdata                       integral          32    'h0                                                                    
#   pslverr                      integral          1     'h0X                                                                   
#   addr_type                    addr_test_type_e  32    ADDR_RO                                                                
#   write_true_flase             write_quality_e   32    WRITE_ADDR_TRUE                                                        
#   begin_time                   time              64    860450000                                                              
#   depth                        int               32    'd4                                                                    
#   parent sequence (name)       string            12    apb_read_seq                                                           
#   parent sequence (full name)  string            71    uvm_test_top.env.vir_seqr.vseq_receive_N_RX.single_rx_vseq.apb_read_seq
#   sequencer                    string            41    uvm_test_top.env.apb_uvcc.agent.sequencer                              
# ------------------------------------------------------------------------------------------------------------------------------
# 
# UVM_INFO ../apb_uvc/apb_seqs.sv(121) @ 860490000: uvm_test_top.env.apb_uvcc.agent.sequencer@@vseq_receive_N_RX.single_rx_vseq.apb_read_seq [APB_RX_SEQ] Read RX with DATA: 00000000
# UVM_ERROR ../tb/uart_virseqs.sv(268) @ 860490000: uvm_test_top.env.vir_seqr@@vseq_receive_N_RX.single_rx_vseq [VSEQ_MISMATCH] FAILED! Mask: 00011111, Masked Sent: 00001011, Masked Read: 00000000
# UVM_INFO ../tb/uart_virseqs.sv(292) @ 860490000: uvm_test_top.env.vir_seqr@@vseq_receive_N_RX [VSEQ_N] 
#####========================Executing FRAME 10/18...========================#####
# UVM_INFO ../tb/uart_virseqs.sv(222) @ 860490000: uvm_test_top.env.vir_seqr@@vseq_receive_N_RX.single_rx_vseq [VSEQ] === STARTING RX TEST (With Data Masking) ===
# UVM_INFO ../tb/uart_virseqs.sv(66) @ 860490000: uvm_test_top.env.vir_seqr@@config_vseq [VSEQ] Configuring System using shared object from Test...
# UVM_INFO ../apb_uvc/apb_seqs.sv(62) @ 860490000: uvm_test_top.env.apb_uvcc.agent.sequencer@@apb_seq [APB_WR_SEQ] Writing Config to DUT: 0x00000000 
#  (DATA_5BIT, PARITY_DIS, PARITY_ODD, STOP_1BIT)
# UVM_INFO ../tb/apb_uart_scoreboard.sv(73) @ 860490000: uvm_test_top.env.scoreboard [SB_APB] APB<-RXDATA queued: 0x00
# UVM_ERROR ../tb/apb_uart_scoreboard.sv(190) @ 860490000: uvm_test_top.env.scoreboard [SB_RX] Mismatch APB<-RXDATA vs UART_RX! bits=5 EXP=0x01 ACT=0x00 (raw UART=0x0b raw APB=0x00)
# UVM_INFO ../apb_uvc/apb_driver.sv(52) @ 860550000: uvm_test_top.env.apb_uvcc.agent.driver [apb_driver] APB Transaction:
# --------------------------------------------------------------------------------------------------------
# Name                           Type              Size  Value                                            
# --------------------------------------------------------------------------------------------------------
# req                            apb_transaction   -     @1563                                            
#   paddr                        integral          12    'h8                                              
#   pwdata                       integral          32    'h0                                              
#   pwrite                       integral          1     'h1                                              
#   pstrb                        integral          4     'h1                                              
#   prdata                       integral          32    'h0xxxxxxxx                                      
#   pslverr                      integral          1     'h0X                                             
#   addr_type                    addr_test_type_e  32    ADDR_VALID                                       
#   write_true_flase             write_quality_e   32    WRITE_ADDR_FALSE                                 
#   begin_time                   time              64    860510000                                        
#   depth                        int               32    'd2                                              
#   parent sequence (name)       string            7     apb_seq                                          
#   parent sequence (full name)  string            49    uvm_test_top.env.apb_uvcc.agent.sequencer.apb_seq
#   sequencer                    string            41    uvm_test_top.env.apb_uvcc.agent.sequencer        
# --------------------------------------------------------------------------------------------------------
# 
# UVM_INFO ../tb/uart_virseqs.sv(74) @ 860550000: uvm_test_top.env.vir_seqr@@config_vseq [VSEQ] Activating UART Driver for RX path
# UVM_INFO ../uart_uvc/uart_seqs.sv(55) @ 860550000: uvm_test_top.env.uart_uvcc.agent.sequencer@@uart_seq [UART_CONFIG_FRAME_SEQ] Driving UART Transaction based on Shared Config
# UVM_INFO ../apb_uvc/apb_monitor.sv(52) @ 860550000: uvm_test_top.env.apb_uvcc.agent.monitor [MON] Updating UART Configuration
# UVM_INFO ../uart_uvc/uart_driver.sv(58) @ 860550000: uvm_test_top.env.uart_uvcc.agent.driver [uart_driver] 
#####===Driving Trans: DATA=0x08,DATA_5BIT, STOP_1BIT, PARITY_DIS, PARITY_ODD===#####
# UVM_INFO ../tb/apb_uart_scoreboard.sv(98) @ 921310000: uvm_test_top.env.scoreboard [SB_UART] UART RX queued: 0x08
# UVM_INFO ../uart_uvc/uart_monitor.sv(131) @ 921310000: uvm_test_top.env.uart_uvcc.agent.monitor [MON_RX] DATA is monitored from RX: 0x08
# UVM_INFO ../tb/uart_virseqs.sv(39) @ 921317000: uvm_test_top.env.vir_seqr@@vseq_receive_N_RX.single_rx_vseq [VSEQ] 
#####===NUM DATA BIT = DATA_5BIT, NUM STOP BIT = STOP_1BIT, PARITY EN = PARITY_DIS, PARITY TYPE = PARITY_ODD===#####
# UVM_INFO ../apb_uvc/apb_driver.sv(52) @ 956090000: uvm_test_top.env.apb_uvcc.agent.driver [apb_driver] APB Transaction:
# ------------------------------------------------------------------------------------------------------------------------------
# Name                           Type              Size  Value                                                                  
# ------------------------------------------------------------------------------------------------------------------------------
# req                            apb_transaction   -     @1595                                                                  
#   paddr                        integral          12    'h4                                                                    
#   pwdata                       integral          32    'h2ac409da                                                             
#   pwrite                       integral          1     'h0                                                                    
#   pstrb                        integral          4     'h0                                                                    
#   prdata                       integral          32    'h0                                                                    
#   pslverr                      integral          1     'h0X                                                                   
#   addr_type                    addr_test_type_e  32    ADDR_RO                                                                
#   write_true_flase             write_quality_e   32    WRITE_ADDR_TRUE                                                        
#   begin_time                   time              64    956050000                                                              
#   depth                        int               32    'd4                                                                    
#   parent sequence (name)       string            12    apb_read_seq                                                           
#   parent sequence (full name)  string            71    uvm_test_top.env.vir_seqr.vseq_receive_N_RX.single_rx_vseq.apb_read_seq
#   sequencer                    string            41    uvm_test_top.env.apb_uvcc.agent.sequencer                              
# ------------------------------------------------------------------------------------------------------------------------------
# 
# UVM_INFO ../apb_uvc/apb_seqs.sv(121) @ 956090000: uvm_test_top.env.apb_uvcc.agent.sequencer@@vseq_receive_N_RX.single_rx_vseq.apb_read_seq [APB_RX_SEQ] Read RX with DATA: 00000000
# UVM_ERROR ../tb/uart_virseqs.sv(268) @ 956090000: uvm_test_top.env.vir_seqr@@vseq_receive_N_RX.single_rx_vseq [VSEQ_MISMATCH] FAILED! Mask: 00011111, Masked Sent: 00001000, Masked Read: 00000000
# UVM_INFO ../tb/uart_virseqs.sv(292) @ 956090000: uvm_test_top.env.vir_seqr@@vseq_receive_N_RX [VSEQ_N] 
#####========================Executing FRAME 11/18...========================#####
# UVM_INFO ../tb/uart_virseqs.sv(222) @ 956090000: uvm_test_top.env.vir_seqr@@vseq_receive_N_RX.single_rx_vseq [VSEQ] === STARTING RX TEST (With Data Masking) ===
# UVM_INFO ../tb/uart_virseqs.sv(66) @ 956090000: uvm_test_top.env.vir_seqr@@config_vseq [VSEQ] Configuring System using shared object from Test...
# UVM_INFO ../apb_uvc/apb_seqs.sv(62) @ 956090000: uvm_test_top.env.apb_uvcc.agent.sequencer@@apb_seq [APB_WR_SEQ] Writing Config to DUT: 0x00000000 
#  (DATA_5BIT, PARITY_DIS, PARITY_ODD, STOP_1BIT)
# UVM_INFO ../tb/apb_uart_scoreboard.sv(73) @ 956090000: uvm_test_top.env.scoreboard [SB_APB] APB<-RXDATA queued: 0x00
# UVM_INFO ../tb/apb_uart_scoreboard.sv(202) @ 956090000: uvm_test_top.env.scoreboard [SB_RX] Match UART_RX == APB<-RXDATA == 0x00 (bits=5)
# UVM_INFO ../apb_uvc/apb_driver.sv(52) @ 956150000: uvm_test_top.env.apb_uvcc.agent.driver [apb_driver] APB Transaction:
# --------------------------------------------------------------------------------------------------------
# Name                           Type              Size  Value                                            
# --------------------------------------------------------------------------------------------------------
# req                            apb_transaction   -     @1613                                            
#   paddr                        integral          12    'h8                                              
#   pwdata                       integral          32    'h0                                              
#   pwrite                       integral          1     'h1                                              
#   pstrb                        integral          4     'h1                                              
#   prdata                       integral          32    'h0xxxxxxxx                                      
#   pslverr                      integral          1     'h0X                                             
#   addr_type                    addr_test_type_e  32    ADDR_VALID                                       
#   write_true_flase             write_quality_e   32    WRITE_ADDR_TRUE                                  
#   begin_time                   time              64    956110000                                        
#   depth                        int               32    'd2                                              
#   parent sequence (name)       string            7     apb_seq                                          
#   parent sequence (full name)  string            49    uvm_test_top.env.apb_uvcc.agent.sequencer.apb_seq
#   sequencer                    string            41    uvm_test_top.env.apb_uvcc.agent.sequencer        
# --------------------------------------------------------------------------------------------------------
# 
# UVM_INFO ../tb/uart_virseqs.sv(74) @ 956150000: uvm_test_top.env.vir_seqr@@config_vseq [VSEQ] Activating UART Driver for RX path
# UVM_INFO ../uart_uvc/uart_seqs.sv(55) @ 956150000: uvm_test_top.env.uart_uvcc.agent.sequencer@@uart_seq [UART_CONFIG_FRAME_SEQ] Driving UART Transaction based on Shared Config
# UVM_INFO ../apb_uvc/apb_monitor.sv(52) @ 956150000: uvm_test_top.env.apb_uvcc.agent.monitor [MON] Updating UART Configuration
# UVM_INFO ../uart_uvc/uart_driver.sv(58) @ 956150000: uvm_test_top.env.uart_uvcc.agent.driver [uart_driver] 
#####===Driving Trans: DATA=0x1f,DATA_5BIT, STOP_1BIT, PARITY_DIS, PARITY_ODD===#####
# UVM_INFO ../tb/apb_uart_scoreboard.sv(98) @ 1016910000: uvm_test_top.env.scoreboard [SB_UART] UART RX queued: 0x1f
# UVM_INFO ../uart_uvc/uart_monitor.sv(131) @ 1016910000: uvm_test_top.env.uart_uvcc.agent.monitor [MON_RX] DATA is monitored from RX: 0x1f
# UVM_INFO ../tb/uart_virseqs.sv(39) @ 1016917000: uvm_test_top.env.vir_seqr@@vseq_receive_N_RX.single_rx_vseq [VSEQ] 
#####===NUM DATA BIT = DATA_5BIT, NUM STOP BIT = STOP_1BIT, PARITY EN = PARITY_DIS, PARITY TYPE = PARITY_ODD===#####
# UVM_INFO ../apb_uvc/apb_driver.sv(52) @ 1051690000: uvm_test_top.env.apb_uvcc.agent.driver [apb_driver] APB Transaction:
# ------------------------------------------------------------------------------------------------------------------------------
# Name                           Type              Size  Value                                                                  
# ------------------------------------------------------------------------------------------------------------------------------
# req                            apb_transaction   -     @1645                                                                  
#   paddr                        integral          12    'h4                                                                    
#   pwdata                       integral          32    'h55e0f670                                                             
#   pwrite                       integral          1     'h0                                                                    
#   pstrb                        integral          4     'h0                                                                    
#   prdata                       integral          32    'h0                                                                    
#   pslverr                      integral          1     'h0X                                                                   
#   addr_type                    addr_test_type_e  32    ADDR_RO                                                                
#   write_true_flase             write_quality_e   32    WRITE_ADDR_FALSE                                                       
#   begin_time                   time              64    1051650000                                                             
#   depth                        int               32    'd4                                                                    
#   parent sequence (name)       string            12    apb_read_seq                                                           
#   parent sequence (full name)  string            71    uvm_test_top.env.vir_seqr.vseq_receive_N_RX.single_rx_vseq.apb_read_seq
#   sequencer                    string            41    uvm_test_top.env.apb_uvcc.agent.sequencer                              
# ------------------------------------------------------------------------------------------------------------------------------
# 
# UVM_INFO ../apb_uvc/apb_seqs.sv(121) @ 1051690000: uvm_test_top.env.apb_uvcc.agent.sequencer@@vseq_receive_N_RX.single_rx_vseq.apb_read_seq [APB_RX_SEQ] Read RX with DATA: 00000000
# UVM_ERROR ../tb/uart_virseqs.sv(268) @ 1051690000: uvm_test_top.env.vir_seqr@@vseq_receive_N_RX.single_rx_vseq [VSEQ_MISMATCH] FAILED! Mask: 00011111, Masked Sent: 00011111, Masked Read: 00000000
# UVM_INFO ../tb/uart_virseqs.sv(292) @ 1051690000: uvm_test_top.env.vir_seqr@@vseq_receive_N_RX [VSEQ_N] 
#####========================Executing FRAME 12/18...========================#####
# UVM_INFO ../tb/uart_virseqs.sv(222) @ 1051690000: uvm_test_top.env.vir_seqr@@vseq_receive_N_RX.single_rx_vseq [VSEQ] === STARTING RX TEST (With Data Masking) ===
# UVM_INFO ../tb/uart_virseqs.sv(66) @ 1051690000: uvm_test_top.env.vir_seqr@@config_vseq [VSEQ] Configuring System using shared object from Test...
# UVM_INFO ../apb_uvc/apb_seqs.sv(62) @ 1051690000: uvm_test_top.env.apb_uvcc.agent.sequencer@@apb_seq [APB_WR_SEQ] Writing Config to DUT: 0x00000000 
#  (DATA_5BIT, PARITY_DIS, PARITY_ODD, STOP_1BIT)
# UVM_INFO ../tb/apb_uart_scoreboard.sv(73) @ 1051690000: uvm_test_top.env.scoreboard [SB_APB] APB<-RXDATA queued: 0x00
# UVM_ERROR ../tb/apb_uart_scoreboard.sv(190) @ 1051690000: uvm_test_top.env.scoreboard [SB_RX] Mismatch APB<-RXDATA vs UART_RX! bits=5 EXP=0x01 ACT=0x00 (raw UART=0x1f raw APB=0x00)
# UVM_INFO ../apb_uvc/apb_driver.sv(52) @ 1051750000: uvm_test_top.env.apb_uvcc.agent.driver [apb_driver] APB Transaction:
# --------------------------------------------------------------------------------------------------------
# Name                           Type              Size  Value                                            
# --------------------------------------------------------------------------------------------------------
# req                            apb_transaction   -     @1663                                            
#   paddr                        integral          12    'h8                                              
#   pwdata                       integral          32    'h0                                              
#   pwrite                       integral          1     'h1                                              
#   pstrb                        integral          4     'h1                                              
#   prdata                       integral          32    'h0xxxxxxxx                                      
#   pslverr                      integral          1     'h0X                                             
#   addr_type                    addr_test_type_e  32    ADDR_VALID                                       
#   write_true_flase             write_quality_e   32    WRITE_ADDR_TRUE                                  
#   begin_time                   time              64    1051710000                                       
#   depth                        int               32    'd2                                              
#   parent sequence (name)       string            7     apb_seq                                          
#   parent sequence (full name)  string            49    uvm_test_top.env.apb_uvcc.agent.sequencer.apb_seq
#   sequencer                    string            41    uvm_test_top.env.apb_uvcc.agent.sequencer        
# --------------------------------------------------------------------------------------------------------
# 
# UVM_INFO ../tb/uart_virseqs.sv(74) @ 1051750000: uvm_test_top.env.vir_seqr@@config_vseq [VSEQ] Activating UART Driver for RX path
# UVM_INFO ../uart_uvc/uart_seqs.sv(55) @ 1051750000: uvm_test_top.env.uart_uvcc.agent.sequencer@@uart_seq [UART_CONFIG_FRAME_SEQ] Driving UART Transaction based on Shared Config
# UVM_INFO ../apb_uvc/apb_monitor.sv(52) @ 1051750000: uvm_test_top.env.apb_uvcc.agent.monitor [MON] Updating UART Configuration
# UVM_INFO ../uart_uvc/uart_driver.sv(58) @ 1051750000: uvm_test_top.env.uart_uvcc.agent.driver [uart_driver] 
#####===Driving Trans: DATA=0x19,DATA_5BIT, STOP_1BIT, PARITY_DIS, PARITY_ODD===#####
# UVM_INFO ../tb/apb_uart_scoreboard.sv(98) @ 1112510000: uvm_test_top.env.scoreboard [SB_UART] UART RX queued: 0x19
# UVM_INFO ../uart_uvc/uart_monitor.sv(131) @ 1112510000: uvm_test_top.env.uart_uvcc.agent.monitor [MON_RX] DATA is monitored from RX: 0x19
# UVM_INFO ../tb/uart_virseqs.sv(39) @ 1112517000: uvm_test_top.env.vir_seqr@@vseq_receive_N_RX.single_rx_vseq [VSEQ] 
#####===NUM DATA BIT = DATA_5BIT, NUM STOP BIT = STOP_1BIT, PARITY EN = PARITY_DIS, PARITY TYPE = PARITY_ODD===#####
# UVM_INFO ../apb_uvc/apb_driver.sv(52) @ 1147290000: uvm_test_top.env.apb_uvcc.agent.driver [apb_driver] APB Transaction:
# ------------------------------------------------------------------------------------------------------------------------------
# Name                           Type              Size  Value                                                                  
# ------------------------------------------------------------------------------------------------------------------------------
# req                            apb_transaction   -     @1695                                                                  
#   paddr                        integral          12    'h4                                                                    
#   pwdata                       integral          32    'h16a4a2a9                                                             
#   pwrite                       integral          1     'h0                                                                    
#   pstrb                        integral          4     'h1                                                                    
#   prdata                       integral          32    'h0                                                                    
#   pslverr                      integral          1     'h0X                                                                   
#   addr_type                    addr_test_type_e  32    ADDR_RO                                                                
#   write_true_flase             write_quality_e   32    WRITE_ADDR_FALSE                                                       
#   begin_time                   time              64    1147250000                                                             
#   depth                        int               32    'd4                                                                    
#   parent sequence (name)       string            12    apb_read_seq                                                           
#   parent sequence (full name)  string            71    uvm_test_top.env.vir_seqr.vseq_receive_N_RX.single_rx_vseq.apb_read_seq
#   sequencer                    string            41    uvm_test_top.env.apb_uvcc.agent.sequencer                              
# ------------------------------------------------------------------------------------------------------------------------------
# 
# UVM_INFO ../apb_uvc/apb_seqs.sv(121) @ 1147290000: uvm_test_top.env.apb_uvcc.agent.sequencer@@vseq_receive_N_RX.single_rx_vseq.apb_read_seq [APB_RX_SEQ] Read RX with DATA: 00000000
# UVM_ERROR ../tb/uart_virseqs.sv(268) @ 1147290000: uvm_test_top.env.vir_seqr@@vseq_receive_N_RX.single_rx_vseq [VSEQ_MISMATCH] FAILED! Mask: 00011111, Masked Sent: 00011001, Masked Read: 00000000
# UVM_INFO ../tb/uart_virseqs.sv(292) @ 1147290000: uvm_test_top.env.vir_seqr@@vseq_receive_N_RX [VSEQ_N] 
#####========================Executing FRAME 13/18...========================#####
# UVM_INFO ../tb/uart_virseqs.sv(222) @ 1147290000: uvm_test_top.env.vir_seqr@@vseq_receive_N_RX.single_rx_vseq [VSEQ] === STARTING RX TEST (With Data Masking) ===
# UVM_INFO ../tb/uart_virseqs.sv(66) @ 1147290000: uvm_test_top.env.vir_seqr@@config_vseq [VSEQ] Configuring System using shared object from Test...
# UVM_INFO ../apb_uvc/apb_seqs.sv(62) @ 1147290000: uvm_test_top.env.apb_uvcc.agent.sequencer@@apb_seq [APB_WR_SEQ] Writing Config to DUT: 0x00000000 
#  (DATA_5BIT, PARITY_DIS, PARITY_ODD, STOP_1BIT)
# UVM_INFO ../tb/apb_uart_scoreboard.sv(73) @ 1147290000: uvm_test_top.env.scoreboard [SB_APB] APB<-RXDATA queued: 0x00
# UVM_ERROR ../tb/apb_uart_scoreboard.sv(190) @ 1147290000: uvm_test_top.env.scoreboard [SB_RX] Mismatch APB<-RXDATA vs UART_RX! bits=5 EXP=0x01 ACT=0x00 (raw UART=0x19 raw APB=0x00)
# UVM_INFO ../apb_uvc/apb_driver.sv(52) @ 1147350000: uvm_test_top.env.apb_uvcc.agent.driver [apb_driver] APB Transaction:
# --------------------------------------------------------------------------------------------------------
# Name                           Type              Size  Value                                            
# --------------------------------------------------------------------------------------------------------
# req                            apb_transaction   -     @1713                                            
#   paddr                        integral          12    'h8                                              
#   pwdata                       integral          32    'h0                                              
#   pwrite                       integral          1     'h1                                              
#   pstrb                        integral          4     'h1                                              
#   prdata                       integral          32    'h0xxxxxxxx                                      
#   pslverr                      integral          1     'h0X                                             
#   addr_type                    addr_test_type_e  32    ADDR_VALID                                       
#   write_true_flase             write_quality_e   32    WRITE_ADDR_FALSE                                 
#   begin_time                   time              64    1147310000                                       
#   depth                        int               32    'd2                                              
#   parent sequence (name)       string            7     apb_seq                                          
#   parent sequence (full name)  string            49    uvm_test_top.env.apb_uvcc.agent.sequencer.apb_seq
#   sequencer                    string            41    uvm_test_top.env.apb_uvcc.agent.sequencer        
# --------------------------------------------------------------------------------------------------------
# 
# UVM_INFO ../tb/uart_virseqs.sv(74) @ 1147350000: uvm_test_top.env.vir_seqr@@config_vseq [VSEQ] Activating UART Driver for RX path
# UVM_INFO ../uart_uvc/uart_seqs.sv(55) @ 1147350000: uvm_test_top.env.uart_uvcc.agent.sequencer@@uart_seq [UART_CONFIG_FRAME_SEQ] Driving UART Transaction based on Shared Config
# UVM_INFO ../apb_uvc/apb_monitor.sv(52) @ 1147350000: uvm_test_top.env.apb_uvcc.agent.monitor [MON] Updating UART Configuration
# UVM_INFO ../uart_uvc/uart_driver.sv(58) @ 1147350000: uvm_test_top.env.uart_uvcc.agent.driver [uart_driver] 
#####===Driving Trans: DATA=0x1d,DATA_5BIT, STOP_1BIT, PARITY_DIS, PARITY_ODD===#####
# UVM_INFO ../tb/apb_uart_scoreboard.sv(98) @ 1208110000: uvm_test_top.env.scoreboard [SB_UART] UART RX queued: 0x1d
# UVM_INFO ../uart_uvc/uart_monitor.sv(131) @ 1208110000: uvm_test_top.env.uart_uvcc.agent.monitor [MON_RX] DATA is monitored from RX: 0x1d
# UVM_INFO ../tb/uart_virseqs.sv(39) @ 1208117000: uvm_test_top.env.vir_seqr@@vseq_receive_N_RX.single_rx_vseq [VSEQ] 
#####===NUM DATA BIT = DATA_5BIT, NUM STOP BIT = STOP_1BIT, PARITY EN = PARITY_DIS, PARITY TYPE = PARITY_ODD===#####
# UVM_INFO ../apb_uvc/apb_driver.sv(52) @ 1242890000: uvm_test_top.env.apb_uvcc.agent.driver [apb_driver] APB Transaction:
# ------------------------------------------------------------------------------------------------------------------------------
# Name                           Type              Size  Value                                                                  
# ------------------------------------------------------------------------------------------------------------------------------
# req                            apb_transaction   -     @1745                                                                  
#   paddr                        integral          12    'h4                                                                    
#   pwdata                       integral          32    'ha6035101                                                             
#   pwrite                       integral          1     'h0                                                                    
#   pstrb                        integral          4     'h1                                                                    
#   prdata                       integral          32    'h0                                                                    
#   pslverr                      integral          1     'h0X                                                                   
#   addr_type                    addr_test_type_e  32    ADDR_RO                                                                
#   write_true_flase             write_quality_e   32    WRITE_ADDR_FALSE                                                       
#   begin_time                   time              64    1242850000                                                             
#   depth                        int               32    'd4                                                                    
#   parent sequence (name)       string            12    apb_read_seq                                                           
#   parent sequence (full name)  string            71    uvm_test_top.env.vir_seqr.vseq_receive_N_RX.single_rx_vseq.apb_read_seq
#   sequencer                    string            41    uvm_test_top.env.apb_uvcc.agent.sequencer                              
# ------------------------------------------------------------------------------------------------------------------------------
# 
# UVM_INFO ../apb_uvc/apb_seqs.sv(121) @ 1242890000: uvm_test_top.env.apb_uvcc.agent.sequencer@@vseq_receive_N_RX.single_rx_vseq.apb_read_seq [APB_RX_SEQ] Read RX with DATA: 00000000
# UVM_ERROR ../tb/uart_virseqs.sv(268) @ 1242890000: uvm_test_top.env.vir_seqr@@vseq_receive_N_RX.single_rx_vseq [VSEQ_MISMATCH] FAILED! Mask: 00011111, Masked Sent: 00011101, Masked Read: 00000000
# UVM_INFO ../tb/uart_virseqs.sv(292) @ 1242890000: uvm_test_top.env.vir_seqr@@vseq_receive_N_RX [VSEQ_N] 
#####========================Executing FRAME 14/18...========================#####
# UVM_INFO ../tb/uart_virseqs.sv(222) @ 1242890000: uvm_test_top.env.vir_seqr@@vseq_receive_N_RX.single_rx_vseq [VSEQ] === STARTING RX TEST (With Data Masking) ===
# UVM_INFO ../tb/uart_virseqs.sv(66) @ 1242890000: uvm_test_top.env.vir_seqr@@config_vseq [VSEQ] Configuring System using shared object from Test...
# UVM_INFO ../apb_uvc/apb_seqs.sv(62) @ 1242890000: uvm_test_top.env.apb_uvcc.agent.sequencer@@apb_seq [APB_WR_SEQ] Writing Config to DUT: 0x00000000 
#  (DATA_5BIT, PARITY_DIS, PARITY_ODD, STOP_1BIT)
# UVM_INFO ../tb/apb_uart_scoreboard.sv(73) @ 1242890000: uvm_test_top.env.scoreboard [SB_APB] APB<-RXDATA queued: 0x00
# UVM_ERROR ../tb/apb_uart_scoreboard.sv(190) @ 1242890000: uvm_test_top.env.scoreboard [SB_RX] Mismatch APB<-RXDATA vs UART_RX! bits=5 EXP=0x01 ACT=0x00 (raw UART=0x1d raw APB=0x00)
# UVM_INFO ../apb_uvc/apb_driver.sv(52) @ 1242950000: uvm_test_top.env.apb_uvcc.agent.driver [apb_driver] APB Transaction:
# --------------------------------------------------------------------------------------------------------
# Name                           Type              Size  Value                                            
# --------------------------------------------------------------------------------------------------------
# req                            apb_transaction   -     @1763                                            
#   paddr                        integral          12    'h8                                              
#   pwdata                       integral          32    'h0                                              
#   pwrite                       integral          1     'h1                                              
#   pstrb                        integral          4     'h1                                              
#   prdata                       integral          32    'h0xxxxxxxx                                      
#   pslverr                      integral          1     'h0X                                             
#   addr_type                    addr_test_type_e  32    ADDR_VALID                                       
#   write_true_flase             write_quality_e   32    WRITE_ADDR_TRUE                                  
#   begin_time                   time              64    1242910000                                       
#   depth                        int               32    'd2                                              
#   parent sequence (name)       string            7     apb_seq                                          
#   parent sequence (full name)  string            49    uvm_test_top.env.apb_uvcc.agent.sequencer.apb_seq
#   sequencer                    string            41    uvm_test_top.env.apb_uvcc.agent.sequencer        
# --------------------------------------------------------------------------------------------------------
# 
# UVM_INFO ../tb/uart_virseqs.sv(74) @ 1242950000: uvm_test_top.env.vir_seqr@@config_vseq [VSEQ] Activating UART Driver for RX path
# UVM_INFO ../uart_uvc/uart_seqs.sv(55) @ 1242950000: uvm_test_top.env.uart_uvcc.agent.sequencer@@uart_seq [UART_CONFIG_FRAME_SEQ] Driving UART Transaction based on Shared Config
# UVM_INFO ../apb_uvc/apb_monitor.sv(52) @ 1242950000: uvm_test_top.env.apb_uvcc.agent.monitor [MON] Updating UART Configuration
# UVM_INFO ../uart_uvc/uart_driver.sv(58) @ 1242950000: uvm_test_top.env.uart_uvcc.agent.driver [uart_driver] 
#####===Driving Trans: DATA=0x1e,DATA_5BIT, STOP_1BIT, PARITY_DIS, PARITY_ODD===#####
# UVM_INFO ../tb/apb_uart_scoreboard.sv(98) @ 1303710000: uvm_test_top.env.scoreboard [SB_UART] UART RX queued: 0x1e
# UVM_INFO ../uart_uvc/uart_monitor.sv(131) @ 1303710000: uvm_test_top.env.uart_uvcc.agent.monitor [MON_RX] DATA is monitored from RX: 0x1e
# UVM_INFO ../tb/uart_virseqs.sv(39) @ 1303717000: uvm_test_top.env.vir_seqr@@vseq_receive_N_RX.single_rx_vseq [VSEQ] 
#####===NUM DATA BIT = DATA_5BIT, NUM STOP BIT = STOP_1BIT, PARITY EN = PARITY_DIS, PARITY TYPE = PARITY_ODD===#####
# UVM_INFO ../apb_uvc/apb_driver.sv(52) @ 1338490000: uvm_test_top.env.apb_uvcc.agent.driver [apb_driver] APB Transaction:
# ------------------------------------------------------------------------------------------------------------------------------
# Name                           Type              Size  Value                                                                  
# ------------------------------------------------------------------------------------------------------------------------------
# req                            apb_transaction   -     @1795                                                                  
#   paddr                        integral          12    'h4                                                                    
#   pwdata                       integral          32    'hc5607d5f                                                             
#   pwrite                       integral          1     'h0                                                                    
#   pstrb                        integral          4     'h0                                                                    
#   prdata                       integral          32    'h0                                                                    
#   pslverr                      integral          1     'h0X                                                                   
#   addr_type                    addr_test_type_e  32    ADDR_RO                                                                
#   write_true_flase             write_quality_e   32    WRITE_ADDR_TRUE                                                        
#   begin_time                   time              64    1338450000                                                             
#   depth                        int               32    'd4                                                                    
#   parent sequence (name)       string            12    apb_read_seq                                                           
#   parent sequence (full name)  string            71    uvm_test_top.env.vir_seqr.vseq_receive_N_RX.single_rx_vseq.apb_read_seq
#   sequencer                    string            41    uvm_test_top.env.apb_uvcc.agent.sequencer                              
# ------------------------------------------------------------------------------------------------------------------------------
# 
# UVM_INFO ../apb_uvc/apb_seqs.sv(121) @ 1338490000: uvm_test_top.env.apb_uvcc.agent.sequencer@@vseq_receive_N_RX.single_rx_vseq.apb_read_seq [APB_RX_SEQ] Read RX with DATA: 00000000
# UVM_ERROR ../tb/uart_virseqs.sv(268) @ 1338490000: uvm_test_top.env.vir_seqr@@vseq_receive_N_RX.single_rx_vseq [VSEQ_MISMATCH] FAILED! Mask: 00011111, Masked Sent: 00011110, Masked Read: 00000000
# UVM_INFO ../tb/uart_virseqs.sv(292) @ 1338490000: uvm_test_top.env.vir_seqr@@vseq_receive_N_RX [VSEQ_N] 
#####========================Executing FRAME 15/18...========================#####
# UVM_INFO ../tb/uart_virseqs.sv(222) @ 1338490000: uvm_test_top.env.vir_seqr@@vseq_receive_N_RX.single_rx_vseq [VSEQ] === STARTING RX TEST (With Data Masking) ===
# UVM_INFO ../tb/uart_virseqs.sv(66) @ 1338490000: uvm_test_top.env.vir_seqr@@config_vseq [VSEQ] Configuring System using shared object from Test...
# UVM_INFO ../apb_uvc/apb_seqs.sv(62) @ 1338490000: uvm_test_top.env.apb_uvcc.agent.sequencer@@apb_seq [APB_WR_SEQ] Writing Config to DUT: 0x00000000 
#  (DATA_5BIT, PARITY_DIS, PARITY_ODD, STOP_1BIT)
# UVM_INFO ../tb/apb_uart_scoreboard.sv(73) @ 1338490000: uvm_test_top.env.scoreboard [SB_APB] APB<-RXDATA queued: 0x00
# UVM_INFO ../tb/apb_uart_scoreboard.sv(202) @ 1338490000: uvm_test_top.env.scoreboard [SB_RX] Match UART_RX == APB<-RXDATA == 0x00 (bits=5)
# UVM_INFO ../apb_uvc/apb_driver.sv(52) @ 1338550000: uvm_test_top.env.apb_uvcc.agent.driver [apb_driver] APB Transaction:
# --------------------------------------------------------------------------------------------------------
# Name                           Type              Size  Value                                            
# --------------------------------------------------------------------------------------------------------
# req                            apb_transaction   -     @1813                                            
#   paddr                        integral          12    'h8                                              
#   pwdata                       integral          32    'h0                                              
#   pwrite                       integral          1     'h1                                              
#   pstrb                        integral          4     'h1                                              
#   prdata                       integral          32    'h0xxxxxxxx                                      
#   pslverr                      integral          1     'h0X                                             
#   addr_type                    addr_test_type_e  32    ADDR_VALID                                       
#   write_true_flase             write_quality_e   32    WRITE_ADDR_TRUE                                  
#   begin_time                   time              64    1338510000                                       
#   depth                        int               32    'd2                                              
#   parent sequence (name)       string            7     apb_seq                                          
#   parent sequence (full name)  string            49    uvm_test_top.env.apb_uvcc.agent.sequencer.apb_seq
#   sequencer                    string            41    uvm_test_top.env.apb_uvcc.agent.sequencer        
# --------------------------------------------------------------------------------------------------------
# 
# UVM_INFO ../tb/uart_virseqs.sv(74) @ 1338550000: uvm_test_top.env.vir_seqr@@config_vseq [VSEQ] Activating UART Driver for RX path
# UVM_INFO ../uart_uvc/uart_seqs.sv(55) @ 1338550000: uvm_test_top.env.uart_uvcc.agent.sequencer@@uart_seq [UART_CONFIG_FRAME_SEQ] Driving UART Transaction based on Shared Config
# UVM_INFO ../apb_uvc/apb_monitor.sv(52) @ 1338550000: uvm_test_top.env.apb_uvcc.agent.monitor [MON] Updating UART Configuration
# UVM_INFO ../uart_uvc/uart_driver.sv(58) @ 1338550000: uvm_test_top.env.uart_uvcc.agent.driver [uart_driver] 
#####===Driving Trans: DATA=0x1c,DATA_5BIT, STOP_1BIT, PARITY_DIS, PARITY_ODD===#####
# UVM_INFO ../tb/apb_uart_scoreboard.sv(98) @ 1399310000: uvm_test_top.env.scoreboard [SB_UART] UART RX queued: 0x1c
# UVM_INFO ../uart_uvc/uart_monitor.sv(131) @ 1399310000: uvm_test_top.env.uart_uvcc.agent.monitor [MON_RX] DATA is monitored from RX: 0x1c
# UVM_INFO ../tb/uart_virseqs.sv(39) @ 1399317000: uvm_test_top.env.vir_seqr@@vseq_receive_N_RX.single_rx_vseq [VSEQ] 
#####===NUM DATA BIT = DATA_5BIT, NUM STOP BIT = STOP_1BIT, PARITY EN = PARITY_DIS, PARITY TYPE = PARITY_ODD===#####
# UVM_INFO ../apb_uvc/apb_driver.sv(52) @ 1434090000: uvm_test_top.env.apb_uvcc.agent.driver [apb_driver] APB Transaction:
# ------------------------------------------------------------------------------------------------------------------------------
# Name                           Type              Size  Value                                                                  
# ------------------------------------------------------------------------------------------------------------------------------
# req                            apb_transaction   -     @1845                                                                  
#   paddr                        integral          12    'h4                                                                    
#   pwdata                       integral          32    'h965e5                                                                
#   pwrite                       integral          1     'h0                                                                    
#   pstrb                        integral          4     'h0                                                                    
#   prdata                       integral          32    'h0                                                                    
#   pslverr                      integral          1     'h0X                                                                   
#   addr_type                    addr_test_type_e  32    ADDR_RO                                                                
#   write_true_flase             write_quality_e   32    WRITE_ADDR_FALSE                                                       
#   begin_time                   time              64    1434050000                                                             
#   depth                        int               32    'd4                                                                    
#   parent sequence (name)       string            12    apb_read_seq                                                           
#   parent sequence (full name)  string            71    uvm_test_top.env.vir_seqr.vseq_receive_N_RX.single_rx_vseq.apb_read_seq
#   sequencer                    string            41    uvm_test_top.env.apb_uvcc.agent.sequencer                              
# ------------------------------------------------------------------------------------------------------------------------------
# 
# UVM_INFO ../apb_uvc/apb_seqs.sv(121) @ 1434090000: uvm_test_top.env.apb_uvcc.agent.sequencer@@vseq_receive_N_RX.single_rx_vseq.apb_read_seq [APB_RX_SEQ] Read RX with DATA: 00000000
# UVM_ERROR ../tb/uart_virseqs.sv(268) @ 1434090000: uvm_test_top.env.vir_seqr@@vseq_receive_N_RX.single_rx_vseq [VSEQ_MISMATCH] FAILED! Mask: 00011111, Masked Sent: 00011100, Masked Read: 00000000
# UVM_INFO ../tb/uart_virseqs.sv(292) @ 1434090000: uvm_test_top.env.vir_seqr@@vseq_receive_N_RX [VSEQ_N] 
#####========================Executing FRAME 16/18...========================#####
# UVM_INFO ../tb/uart_virseqs.sv(222) @ 1434090000: uvm_test_top.env.vir_seqr@@vseq_receive_N_RX.single_rx_vseq [VSEQ] === STARTING RX TEST (With Data Masking) ===
# UVM_INFO ../tb/uart_virseqs.sv(66) @ 1434090000: uvm_test_top.env.vir_seqr@@config_vseq [VSEQ] Configuring System using shared object from Test...
# UVM_INFO ../apb_uvc/apb_seqs.sv(62) @ 1434090000: uvm_test_top.env.apb_uvcc.agent.sequencer@@apb_seq [APB_WR_SEQ] Writing Config to DUT: 0x00000000 
#  (DATA_5BIT, PARITY_DIS, PARITY_ODD, STOP_1BIT)
# UVM_INFO ../tb/apb_uart_scoreboard.sv(73) @ 1434090000: uvm_test_top.env.scoreboard [SB_APB] APB<-RXDATA queued: 0x00
# UVM_INFO ../tb/apb_uart_scoreboard.sv(202) @ 1434090000: uvm_test_top.env.scoreboard [SB_RX] Match UART_RX == APB<-RXDATA == 0x00 (bits=5)
# UVM_INFO ../apb_uvc/apb_driver.sv(52) @ 1434150000: uvm_test_top.env.apb_uvcc.agent.driver [apb_driver] APB Transaction:
# --------------------------------------------------------------------------------------------------------
# Name                           Type              Size  Value                                            
# --------------------------------------------------------------------------------------------------------
# req                            apb_transaction   -     @1863                                            
#   paddr                        integral          12    'h8                                              
#   pwdata                       integral          32    'h0                                              
#   pwrite                       integral          1     'h1                                              
#   pstrb                        integral          4     'h1                                              
#   prdata                       integral          32    'h0xxxxxxxx                                      
#   pslverr                      integral          1     'h0X                                             
#   addr_type                    addr_test_type_e  32    ADDR_VALID                                       
#   write_true_flase             write_quality_e   32    WRITE_ADDR_TRUE                                  
#   begin_time                   time              64    1434110000                                       
#   depth                        int               32    'd2                                              
#   parent sequence (name)       string            7     apb_seq                                          
#   parent sequence (full name)  string            49    uvm_test_top.env.apb_uvcc.agent.sequencer.apb_seq
#   sequencer                    string            41    uvm_test_top.env.apb_uvcc.agent.sequencer        
# --------------------------------------------------------------------------------------------------------
# 
# UVM_INFO ../tb/uart_virseqs.sv(74) @ 1434150000: uvm_test_top.env.vir_seqr@@config_vseq [VSEQ] Activating UART Driver for RX path
# UVM_INFO ../uart_uvc/uart_seqs.sv(55) @ 1434150000: uvm_test_top.env.uart_uvcc.agent.sequencer@@uart_seq [UART_CONFIG_FRAME_SEQ] Driving UART Transaction based on Shared Config
# UVM_INFO ../apb_uvc/apb_monitor.sv(52) @ 1434150000: uvm_test_top.env.apb_uvcc.agent.monitor [MON] Updating UART Configuration
# UVM_INFO ../uart_uvc/uart_driver.sv(58) @ 1434150000: uvm_test_top.env.uart_uvcc.agent.driver [uart_driver] 
#####===Driving Trans: DATA=0x1b,DATA_5BIT, STOP_1BIT, PARITY_DIS, PARITY_ODD===#####
# UVM_INFO ../tb/apb_uart_scoreboard.sv(98) @ 1494910000: uvm_test_top.env.scoreboard [SB_UART] UART RX queued: 0x1b
# UVM_INFO ../uart_uvc/uart_monitor.sv(131) @ 1494910000: uvm_test_top.env.uart_uvcc.agent.monitor [MON_RX] DATA is monitored from RX: 0x1b
# UVM_INFO ../tb/uart_virseqs.sv(39) @ 1494917000: uvm_test_top.env.vir_seqr@@vseq_receive_N_RX.single_rx_vseq [VSEQ] 
#####===NUM DATA BIT = DATA_5BIT, NUM STOP BIT = STOP_1BIT, PARITY EN = PARITY_DIS, PARITY TYPE = PARITY_ODD===#####
# UVM_INFO ../apb_uvc/apb_driver.sv(52) @ 1529690000: uvm_test_top.env.apb_uvcc.agent.driver [apb_driver] APB Transaction:
# ------------------------------------------------------------------------------------------------------------------------------
# Name                           Type              Size  Value                                                                  
# ------------------------------------------------------------------------------------------------------------------------------
# req                            apb_transaction   -     @1895                                                                  
#   paddr                        integral          12    'h4                                                                    
#   pwdata                       integral          32    'h7b5a1af6                                                             
#   pwrite                       integral          1     'h0                                                                    
#   pstrb                        integral          4     'h1                                                                    
#   prdata                       integral          32    'h0                                                                    
#   pslverr                      integral          1     'h0X                                                                   
#   addr_type                    addr_test_type_e  32    ADDR_RO                                                                
#   write_true_flase             write_quality_e   32    WRITE_ADDR_FALSE                                                       
#   begin_time                   time              64    1529650000                                                             
#   depth                        int               32    'd4                                                                    
#   parent sequence (name)       string            12    apb_read_seq                                                           
#   parent sequence (full name)  string            71    uvm_test_top.env.vir_seqr.vseq_receive_N_RX.single_rx_vseq.apb_read_seq
#   sequencer                    string            41    uvm_test_top.env.apb_uvcc.agent.sequencer                              
# ------------------------------------------------------------------------------------------------------------------------------
# 
# UVM_INFO ../apb_uvc/apb_seqs.sv(121) @ 1529690000: uvm_test_top.env.apb_uvcc.agent.sequencer@@vseq_receive_N_RX.single_rx_vseq.apb_read_seq [APB_RX_SEQ] Read RX with DATA: 00000000
# UVM_ERROR ../tb/uart_virseqs.sv(268) @ 1529690000: uvm_test_top.env.vir_seqr@@vseq_receive_N_RX.single_rx_vseq [VSEQ_MISMATCH] FAILED! Mask: 00011111, Masked Sent: 00011011, Masked Read: 00000000
# UVM_INFO ../tb/uart_virseqs.sv(292) @ 1529690000: uvm_test_top.env.vir_seqr@@vseq_receive_N_RX [VSEQ_N] 
#####========================Executing FRAME 17/18...========================#####
# UVM_INFO ../tb/uart_virseqs.sv(222) @ 1529690000: uvm_test_top.env.vir_seqr@@vseq_receive_N_RX.single_rx_vseq [VSEQ] === STARTING RX TEST (With Data Masking) ===
# UVM_INFO ../tb/uart_virseqs.sv(66) @ 1529690000: uvm_test_top.env.vir_seqr@@config_vseq [VSEQ] Configuring System using shared object from Test...
# UVM_INFO ../apb_uvc/apb_seqs.sv(62) @ 1529690000: uvm_test_top.env.apb_uvcc.agent.sequencer@@apb_seq [APB_WR_SEQ] Writing Config to DUT: 0x00000000 
#  (DATA_5BIT, PARITY_DIS, PARITY_ODD, STOP_1BIT)
# UVM_INFO ../tb/apb_uart_scoreboard.sv(73) @ 1529690000: uvm_test_top.env.scoreboard [SB_APB] APB<-RXDATA queued: 0x00
# UVM_ERROR ../tb/apb_uart_scoreboard.sv(190) @ 1529690000: uvm_test_top.env.scoreboard [SB_RX] Mismatch APB<-RXDATA vs UART_RX! bits=5 EXP=0x01 ACT=0x00 (raw UART=0x1b raw APB=0x00)
# UVM_INFO ../apb_uvc/apb_driver.sv(52) @ 1529750000: uvm_test_top.env.apb_uvcc.agent.driver [apb_driver] APB Transaction:
# --------------------------------------------------------------------------------------------------------
# Name                           Type              Size  Value                                            
# --------------------------------------------------------------------------------------------------------
# req                            apb_transaction   -     @1913                                            
#   paddr                        integral          12    'h8                                              
#   pwdata                       integral          32    'h0                                              
#   pwrite                       integral          1     'h1                                              
#   pstrb                        integral          4     'h1                                              
#   prdata                       integral          32    'h0xxxxxxxx                                      
#   pslverr                      integral          1     'h0X                                             
#   addr_type                    addr_test_type_e  32    ADDR_VALID                                       
#   write_true_flase             write_quality_e   32    WRITE_ADDR_TRUE                                  
#   begin_time                   time              64    1529710000                                       
#   depth                        int               32    'd2                                              
#   parent sequence (name)       string            7     apb_seq                                          
#   parent sequence (full name)  string            49    uvm_test_top.env.apb_uvcc.agent.sequencer.apb_seq
#   sequencer                    string            41    uvm_test_top.env.apb_uvcc.agent.sequencer        
# --------------------------------------------------------------------------------------------------------
# 
# UVM_INFO ../tb/uart_virseqs.sv(74) @ 1529750000: uvm_test_top.env.vir_seqr@@config_vseq [VSEQ] Activating UART Driver for RX path
# UVM_INFO ../uart_uvc/uart_seqs.sv(55) @ 1529750000: uvm_test_top.env.uart_uvcc.agent.sequencer@@uart_seq [UART_CONFIG_FRAME_SEQ] Driving UART Transaction based on Shared Config
# UVM_INFO ../apb_uvc/apb_monitor.sv(52) @ 1529750000: uvm_test_top.env.apb_uvcc.agent.monitor [MON] Updating UART Configuration
# UVM_INFO ../uart_uvc/uart_driver.sv(58) @ 1529750000: uvm_test_top.env.uart_uvcc.agent.driver [uart_driver] 
#####===Driving Trans: DATA=0x0a,DATA_5BIT, STOP_1BIT, PARITY_DIS, PARITY_ODD===#####
# UVM_INFO ../tb/apb_uart_scoreboard.sv(98) @ 1590510000: uvm_test_top.env.scoreboard [SB_UART] UART RX queued: 0x0a
# UVM_INFO ../uart_uvc/uart_monitor.sv(131) @ 1590510000: uvm_test_top.env.uart_uvcc.agent.monitor [MON_RX] DATA is monitored from RX: 0x0a
# UVM_INFO ../tb/uart_virseqs.sv(39) @ 1590517000: uvm_test_top.env.vir_seqr@@vseq_receive_N_RX.single_rx_vseq [VSEQ] 
#####===NUM DATA BIT = DATA_5BIT, NUM STOP BIT = STOP_1BIT, PARITY EN = PARITY_DIS, PARITY TYPE = PARITY_ODD===#####
# UVM_INFO ../apb_uvc/apb_driver.sv(52) @ 1625290000: uvm_test_top.env.apb_uvcc.agent.driver [apb_driver] APB Transaction:
# ------------------------------------------------------------------------------------------------------------------------------
# Name                           Type              Size  Value                                                                  
# ------------------------------------------------------------------------------------------------------------------------------
# req                            apb_transaction   -     @1945                                                                  
#   paddr                        integral          12    'h4                                                                    
#   pwdata                       integral          32    'hfc0ab30a                                                             
#   pwrite                       integral          1     'h0                                                                    
#   pstrb                        integral          4     'h0                                                                    
#   prdata                       integral          32    'h0                                                                    
#   pslverr                      integral          1     'h0X                                                                   
#   addr_type                    addr_test_type_e  32    ADDR_RO                                                                
#   write_true_flase             write_quality_e   32    WRITE_ADDR_TRUE                                                        
#   begin_time                   time              64    1625250000                                                             
#   depth                        int               32    'd4                                                                    
#   parent sequence (name)       string            12    apb_read_seq                                                           
#   parent sequence (full name)  string            71    uvm_test_top.env.vir_seqr.vseq_receive_N_RX.single_rx_vseq.apb_read_seq
#   sequencer                    string            41    uvm_test_top.env.apb_uvcc.agent.sequencer                              
# ------------------------------------------------------------------------------------------------------------------------------
# 
# UVM_INFO ../apb_uvc/apb_seqs.sv(121) @ 1625290000: uvm_test_top.env.apb_uvcc.agent.sequencer@@vseq_receive_N_RX.single_rx_vseq.apb_read_seq [APB_RX_SEQ] Read RX with DATA: 00000000
# UVM_ERROR ../tb/uart_virseqs.sv(268) @ 1625290000: uvm_test_top.env.vir_seqr@@vseq_receive_N_RX.single_rx_vseq [VSEQ_MISMATCH] FAILED! Mask: 00011111, Masked Sent: 00001010, Masked Read: 00000000
# UVM_INFO ../tb/uart_virseqs.sv(292) @ 1625290000: uvm_test_top.env.vir_seqr@@vseq_receive_N_RX [VSEQ_N] 
#####========================Executing FRAME 18/18...========================#####
# UVM_INFO ../tb/uart_virseqs.sv(222) @ 1625290000: uvm_test_top.env.vir_seqr@@vseq_receive_N_RX.single_rx_vseq [VSEQ] === STARTING RX TEST (With Data Masking) ===
# UVM_INFO ../tb/uart_virseqs.sv(66) @ 1625290000: uvm_test_top.env.vir_seqr@@config_vseq [VSEQ] Configuring System using shared object from Test...
# UVM_INFO ../apb_uvc/apb_seqs.sv(62) @ 1625290000: uvm_test_top.env.apb_uvcc.agent.sequencer@@apb_seq [APB_WR_SEQ] Writing Config to DUT: 0x00000000 
#  (DATA_5BIT, PARITY_DIS, PARITY_ODD, STOP_1BIT)
# UVM_INFO ../tb/apb_uart_scoreboard.sv(73) @ 1625290000: uvm_test_top.env.scoreboard [SB_APB] APB<-RXDATA queued: 0x00
# UVM_INFO ../tb/apb_uart_scoreboard.sv(202) @ 1625290000: uvm_test_top.env.scoreboard [SB_RX] Match UART_RX == APB<-RXDATA == 0x00 (bits=5)
# UVM_INFO ../apb_uvc/apb_driver.sv(52) @ 1625350000: uvm_test_top.env.apb_uvcc.agent.driver [apb_driver] APB Transaction:
# --------------------------------------------------------------------------------------------------------
# Name                           Type              Size  Value                                            
# --------------------------------------------------------------------------------------------------------
# req                            apb_transaction   -     @1963                                            
#   paddr                        integral          12    'h8                                              
#   pwdata                       integral          32    'h0                                              
#   pwrite                       integral          1     'h1                                              
#   pstrb                        integral          4     'h1                                              
#   prdata                       integral          32    'h0xxxxxxxx                                      
#   pslverr                      integral          1     'h0X                                             
#   addr_type                    addr_test_type_e  32    ADDR_VALID                                       
#   write_true_flase             write_quality_e   32    WRITE_ADDR_TRUE                                  
#   begin_time                   time              64    1625310000                                       
#   depth                        int               32    'd2                                              
#   parent sequence (name)       string            7     apb_seq                                          
#   parent sequence (full name)  string            49    uvm_test_top.env.apb_uvcc.agent.sequencer.apb_seq
#   sequencer                    string            41    uvm_test_top.env.apb_uvcc.agent.sequencer        
# --------------------------------------------------------------------------------------------------------
# 
# UVM_INFO ../tb/uart_virseqs.sv(74) @ 1625350000: uvm_test_top.env.vir_seqr@@config_vseq [VSEQ] Activating UART Driver for RX path
# UVM_INFO ../uart_uvc/uart_seqs.sv(55) @ 1625350000: uvm_test_top.env.uart_uvcc.agent.sequencer@@uart_seq [UART_CONFIG_FRAME_SEQ] Driving UART Transaction based on Shared Config
# UVM_INFO ../apb_uvc/apb_monitor.sv(52) @ 1625350000: uvm_test_top.env.apb_uvcc.agent.monitor [MON] Updating UART Configuration
# UVM_INFO ../uart_uvc/uart_driver.sv(58) @ 1625350000: uvm_test_top.env.uart_uvcc.agent.driver [uart_driver] 
#####===Driving Trans: DATA=0x17,DATA_5BIT, STOP_1BIT, PARITY_DIS, PARITY_ODD===#####
# UVM_INFO ../tb/apb_uart_scoreboard.sv(98) @ 1686110000: uvm_test_top.env.scoreboard [SB_UART] UART RX queued: 0x17
# UVM_INFO ../uart_uvc/uart_monitor.sv(131) @ 1686110000: uvm_test_top.env.uart_uvcc.agent.monitor [MON_RX] DATA is monitored from RX: 0x17
# UVM_INFO ../tb/uart_virseqs.sv(39) @ 1686117000: uvm_test_top.env.vir_seqr@@vseq_receive_N_RX.single_rx_vseq [VSEQ] 
#####===NUM DATA BIT = DATA_5BIT, NUM STOP BIT = STOP_1BIT, PARITY EN = PARITY_DIS, PARITY TYPE = PARITY_ODD===#####
# UVM_INFO ../apb_uvc/apb_driver.sv(52) @ 1720890000: uvm_test_top.env.apb_uvcc.agent.driver [apb_driver] APB Transaction:
# ------------------------------------------------------------------------------------------------------------------------------
# Name                           Type              Size  Value                                                                  
# ------------------------------------------------------------------------------------------------------------------------------
# req                            apb_transaction   -     @1995                                                                  
#   paddr                        integral          12    'h4                                                                    
#   pwdata                       integral          32    'hef745dc4                                                             
#   pwrite                       integral          1     'h0                                                                    
#   pstrb                        integral          4     'h0                                                                    
#   prdata                       integral          32    'h0                                                                    
#   pslverr                      integral          1     'h0X                                                                   
#   addr_type                    addr_test_type_e  32    ADDR_RO                                                                
#   write_true_flase             write_quality_e   32    WRITE_ADDR_TRUE                                                        
#   begin_time                   time              64    1720850000                                                             
#   depth                        int               32    'd4                                                                    
#   parent sequence (name)       string            12    apb_read_seq                                                           
#   parent sequence (full name)  string            71    uvm_test_top.env.vir_seqr.vseq_receive_N_RX.single_rx_vseq.apb_read_seq
#   sequencer                    string            41    uvm_test_top.env.apb_uvcc.agent.sequencer                              
# ------------------------------------------------------------------------------------------------------------------------------
# 
# UVM_INFO ../apb_uvc/apb_seqs.sv(121) @ 1720890000: uvm_test_top.env.apb_uvcc.agent.sequencer@@vseq_receive_N_RX.single_rx_vseq.apb_read_seq [APB_RX_SEQ] Read RX with DATA: 00000000
# UVM_ERROR ../tb/uart_virseqs.sv(268) @ 1720890000: uvm_test_top.env.vir_seqr@@vseq_receive_N_RX.single_rx_vseq [VSEQ_MISMATCH] FAILED! Mask: 00011111, Masked Sent: 00010111, Masked Read: 00000000
# UVM_INFO ../tb/uart_virseqs.sv(301) @ 1720890000: uvm_test_top.env.vir_seqr@@vseq_receive_N_RX [VSEQ_N] === SEND N FRAMES COMPLETED ===
# UVM_INFO ../tb/uart_virseqs.sv(34) @ 1720890000: uvm_test_top.env.vir_seqr@@vseq_receive_N_RX [vseq_receive_N_RX] drop objection
# UVM_INFO ../tb/apb_uart_scoreboard.sv(73) @ 1720890000: uvm_test_top.env.scoreboard [SB_APB] APB<-RXDATA queued: 0x00
# UVM_ERROR ../tb/apb_uart_scoreboard.sv(190) @ 1720890000: uvm_test_top.env.scoreboard [SB_RX] Mismatch APB<-RXDATA vs UART_RX! bits=5 EXP=0x01 ACT=0x00 (raw UART=0x17 raw APB=0x00)
# UVM_INFO verilog_src/uvm-1.1d/src/base/uvm_objection.svh(1267) @ 1721040000: reporter [TEST_DONE] 'run' phase is ready to proceed to the 'extract' phase
# UVM_INFO ../apb_uvc/apb_driver.sv(75) @ 1721040000: uvm_test_top.env.apb_uvcc.agent.driver [apb_driver] Report: APB Driver sent 36 transactions
# UVM_INFO ../apb_uvc/apb_monitor.sv(73) @ 1721040000: uvm_test_top.env.apb_uvcc.agent.monitor [apb_monitor] Report: APB Monitor Collected 37 Transactions
# UVM_INFO ../tb/apb_uart_scoreboard.sv(244) @ 1721040000: uvm_test_top.env.scoreboard [SB_REPORT] 
# --- APB-UART Scoreboard ---
# CFG backdoor: OK=0 BAD=0
# TX compare : MATCH=0 MIS=0
# RX compare : MATCH=7 MIS=11
# --------------------------
# UVM_INFO ../uart_uvc/uart_monitor.sv(136) @ 1721040000: uvm_test_top.env.uart_uvcc.agent.monitor [uart_monitor] Report: UART Monitor Collected 18 Transactions
# 
# --- UVM Report Summary ---
# 
# ** Report counts by severity
# UVM_INFO :  307
# UVM_WARNING :    0
# UVM_ERROR :   29
# UVM_FATAL :    0
# ** Report counts by id
# [APB_RX_SEQ]    18
# [APB_UART_ENVIRONMENT]     1
# [APB_WR_SEQ]    18
# [MON]    19
# [MON_RX]    18
# [Questa UVM]     3
# [RNTST]     1
# [SB_APB]    18
# [SB_REPORT]     1
# [SB_RX]    18
# [SB_UART]    18
# [TEST]     1
# [TEST_DONE]     1
# [UART_CONFIG_FRAME_SEQ]    18
# [UVMTOP]     1
# [VSEQ]    72
# [VSEQ_MISMATCH]    18
# [VSEQ_N]    20
# [apb_agent]     1
# [apb_driver]    39
# [apb_monitor]     2
# [apb_sequencer]     1
# [apb_uvc]     1
# [test_received_N_frame]     2
# [uart_agent]     2
# [uart_driver]    19
# [uart_monitor]     2
# [uart_sequencer]     1
# [vseq_receive_N_RX]     2
# ** Note: $finish    : /home/viethung/tools/Questasim/questasim/linux_x86_64/../verilog_src/uvm-1.1d/src/base/uvm_root.svh(430)
#    Time: 1721040 ns  Iteration: 53  Instance: /tb_top
# Saving coverage database on exit...
# End time: 19:49:56 on Jan 26,2026, Elapsed time: 0:00:03
# Errors: 0, Warnings: 0
